#
# There is insufficient memory for the Java Runtime Environment to continue.
# Native memory allocation (mmap) failed to map 671088640 bytes. Error detail: G1 virtual space
# Possible reasons:
#   The system is out of physical RAM or swap space
#   This process is running with CompressedOops enabled, and the Java Heap may be blocking the growth of the native heap
# Possible solutions:
#   Reduce memory load on the system
#   Increase physical memory or swap space
#   Check if swap backing store is full
#   Decrease Java heap size (-Xmx/-Xms)
#   Decrease number of Java threads
#   Decrease Java thread stack sizes (-Xss)
#   Set larger code cache with -XX:ReservedCodeCacheSize=
#   JVM is running with Zero Based Compressed Oops mode in which the Java heap is
#     placed in the first 32GB address space. The Java Heap base address is the
#     maximum limit for the native heap growth. Please use -XX:HeapBaseMinAddress
#     to set the Java Heap base and to place the Java Heap above 32GB virtual address.
# This output file may be truncated or incomplete.
#
#  Out of Memory Error (os_windows.cpp:3614), pid=19460, tid=20368
#
# JRE version: OpenJDK Runtime Environment Temurin-17.0.13+11 (17.0.13+11) (build 17.0.13+11)
# Java VM: OpenJDK 64-Bit Server VM Temurin-17.0.13+11 (17.0.13+11, mixed mode, sharing, tiered, compressed oops, compressed class ptrs, g1 gc, windows-amd64)
# No core dump will be written. Minidumps are not enabled by default on client versions of Windows
#

---------------  S U M M A R Y ------------

Command Line: --add-opens=java.base/java.lang=ALL-UNNAMED --add-opens=java.base/java.lang.ref=ALL-UNNAMED --add-opens=java.base/java.lang.reflect=ALL-UNNAMED --add-opens=java.base/java.lang.invoke=ALL-UNNAMED --add-opens=java.xml/javax.xml.namespace=ALL-UNNAMED C:\Users\manish.kumar_bitsing\AnypointCodeBuilder\.flow-design-module\mule-dx-flow-design-service-impl.jar -port 60184 --mavenSettingsFile C:\Users\manish.kumar_bitsing\AnypointCodeBuilder\.tmp\acb_settings-20160-tmp.xml --mavenRepoLocation C:\Users\manish.kumar_bitsing\.m2\repository --workingDirectory C:\Users\manish.kumar_bitsing\AnypointCodeBuilder\.mulefwk-workspace

Host: Intel(R) Core(TM) i5-8350U CPU @ 1.70GHz, 8 cores, 15G,  Windows 11 , 64 bit Build 26100 (10.0.26100.7019)
Time: Fri Nov 28 14:59:18 2025 India Standard Time elapsed time: 132.973549 seconds (0d 0h 2m 12s)

---------------  T H R E A D  ---------------

Current thread (0x000002627f6f61f0):  VMThread "VM Thread" [stack: 0x000000bf79700000,0x000000bf79800000] [id=20368]

Stack: [0x000000bf79700000,0x000000bf79800000]
Native frames: (J=compiled Java code, j=interpreted, Vv=VM code, C=native code)
V  [jvm.dll+0x682a19]
V  [jvm.dll+0x839538]
V  [jvm.dll+0x83afe3]
V  [jvm.dll+0x83b653]
V  [jvm.dll+0x24704f]
V  [jvm.dll+0x67f809]
V  [jvm.dll+0x6746fa]
V  [jvm.dll+0x304a96]
V  [jvm.dll+0x30bf56]
V  [jvm.dll+0x35da5e]
V  [jvm.dll+0x35dc9d]
V  [jvm.dll+0x2dbe5c]
V  [jvm.dll+0x2da1ff]
V  [jvm.dll+0x2d996c]
V  [jvm.dll+0x31d14b]
V  [jvm.dll+0x83fe8d]
V  [jvm.dll+0x840bc3]
V  [jvm.dll+0x8410ef]
V  [jvm.dll+0x8414d4]
V  [jvm.dll+0x84159e]
V  [jvm.dll+0x7e8ffc]
V  [jvm.dll+0x6818f7]
C  [ucrtbase.dll+0x37b0]
C  [KERNEL32.DLL+0x2e8d7]
C  [ntdll.dll+0x8c53c]

VM_Operation (0x000000bf7a5fb280): G1CollectForAllocation, mode: safepoint, requested by thread 0x0000026248927f90


---------------  P R O C E S S  ---------------

Threads class SMR info:
_java_thread_list=0x000002624c52f3f0, length=34, elements={
0x000002625ecd24e0, 0x000002627f6fc300, 0x000002627f6fdb20, 0x000002627f71edf0,
0x000002627f71f7c0, 0x000002627f720290, 0x000002627f726a20, 0x000002627f72e8f0,
0x000002627f7308e0, 0x000002627f74fff0, 0x000002624319a1a0, 0x000002624319c8b0,
0x0000026248927f90, 0x0000026249563320, 0x00000262485abe00, 0x00000262485ad240,
0x00000262485acd30, 0x000002624b5c1280, 0x000002624b5c4520, 0x000002624b5c30e0,
0x00000262485a9fa0, 0x00000262485ab8f0, 0x000002624b5c0860, 0x000002624dff0590,
0x000002624dff0aa0, 0x000002624dff19d0, 0x000002624dff0fb0, 0x000002624dff23f0,
0x000002624dff2900, 0x000002624dff3320, 0x000002624dff2e10, 0x000002624dff0080,
0x000002624dff4c70, 0x000002624ce8f9d0
}

Java Threads: ( => current thread )
  0x000002625ecd24e0 JavaThread "main" [_thread_blocked, id=28520, stack(0x000000bf79000000,0x000000bf79100000)]
  0x000002627f6fc300 JavaThread "Reference Handler" daemon [_thread_blocked, id=15144, stack(0x000000bf79800000,0x000000bf79900000)]
  0x000002627f6fdb20 JavaThread "Finalizer" daemon [_thread_blocked, id=28356, stack(0x000000bf79900000,0x000000bf79a00000)]
  0x000002627f71edf0 JavaThread "Signal Dispatcher" daemon [_thread_blocked, id=27988, stack(0x000000bf79a00000,0x000000bf79b00000)]
  0x000002627f71f7c0 JavaThread "Attach Listener" daemon [_thread_blocked, id=2104, stack(0x000000bf79b00000,0x000000bf79c00000)]
  0x000002627f720290 JavaThread "Service Thread" daemon [_thread_blocked, id=26828, stack(0x000000bf79c00000,0x000000bf79d00000)]
  0x000002627f726a20 JavaThread "Monitor Deflation Thread" daemon [_thread_blocked, id=15688, stack(0x000000bf79d00000,0x000000bf79e00000)]
  0x000002627f72e8f0 JavaThread "C2 CompilerThread0" daemon [_thread_blocked, id=28572, stack(0x000000bf79e00000,0x000000bf79f00000)]
  0x000002627f7308e0 JavaThread "C1 CompilerThread0" daemon [_thread_blocked, id=13356, stack(0x000000bf79f00000,0x000000bf7a000000)]
  0x000002627f74fff0 JavaThread "Sweeper thread" daemon [_thread_blocked, id=11752, stack(0x000000bf7a000000,0x000000bf7a100000)]
  0x000002624319a1a0 JavaThread "Common-Cleaner" daemon [_thread_blocked, id=26876, stack(0x000000bf7a100000,0x000000bf7a200000)]
  0x000002624319c8b0 JavaThread "Notification Thread" daemon [_thread_blocked, id=17592, stack(0x000000bf7a200000,0x000000bf7a300000)]
  0x0000026248927f90 JavaThread "pool-1-thread-1" [_thread_blocked, id=28624, stack(0x000000bf7a500000,0x000000bf7a600000)]
  0x0000026249563320 JavaThread "ForkJoinPool.commonPool-worker-1" daemon [_thread_blocked, id=26004, stack(0x000000bf7ae00000,0x000000bf7af00000)]
  0x00000262485abe00 JavaThread "ForkJoinPool.commonPool-worker-2" daemon [_thread_blocked, id=7500, stack(0x000000bf7b000000,0x000000bf7b100000)]
  0x00000262485ad240 JavaThread "ForkJoinPool.commonPool-worker-3" daemon [_thread_blocked, id=23984, stack(0x000000bf7b100000,0x000000bf7b200000)]
  0x00000262485acd30 JavaThread "ForkJoinPool.commonPool-worker-4" daemon [_thread_blocked, id=21472, stack(0x000000bf7b200000,0x000000bf7b300000)]
  0x000002624b5c1280 JavaThread "DietToolingScheduler.01" [_thread_blocked, id=1392, stack(0x000000bf7af00000,0x000000bf7b000000)]
  0x000002624b5c4520 JavaThread "DietToolingScheduler.02" [_thread_blocked, id=13124, stack(0x000000bf7b600000,0x000000bf7b700000)]
  0x000002624b5c30e0 JavaThread "DietToolingScheduler.03" [_thread_blocked, id=15760, stack(0x000000bf7b700000,0x000000bf7b800000)]
  0x00000262485a9fa0 JavaThread "DietToolingScheduler.04" [_thread_blocked, id=28360, stack(0x000000bf7b500000,0x000000bf7b600000)]
  0x00000262485ab8f0 JavaThread "DietToolingScheduler.05" [_thread_blocked, id=22456, stack(0x000000bf7bb00000,0x000000bf7bc00000)]
  0x000002624b5c0860 JavaThread "http.listener.01 SelectorRunner" [_thread_in_native, id=3952, stack(0x000000bf7bc00000,0x000000bf7bd00000)]
  0x000002624dff0590 JavaThread "http.listener.02 SelectorRunner" [_thread_in_native, id=28380, stack(0x000000bf7bd00000,0x000000bf7be00000)]
  0x000002624dff0aa0 JavaThread "http.listener.03 SelectorRunner" [_thread_in_native, id=14372, stack(0x000000bf7be00000,0x000000bf7bf00000)]
  0x000002624dff19d0 JavaThread "http.listener.04 SelectorRunner" [_thread_in_native, id=26652, stack(0x000000bf7bf00000,0x000000bf7c000000)]
  0x000002624dff0fb0 JavaThread "http.listener.05 SelectorRunner" [_thread_in_native, id=11120, stack(0x000000bf7c000000,0x000000bf7c100000)]
  0x000002624dff23f0 JavaThread "http.listener.06 SelectorRunner" [_thread_in_native, id=8208, stack(0x000000bf7c100000,0x000000bf7c200000)]
  0x000002624dff2900 JavaThread "http.listener.07 SelectorRunner" [_thread_in_native, id=23968, stack(0x000000bf7c200000,0x000000bf7c300000)]
  0x000002624dff3320 JavaThread "http.listener.08 SelectorRunner" [_thread_in_native, id=13236, stack(0x000000bf7c300000,0x000000bf7c400000)]
  0x000002624dff2e10 JavaThread "DietToolingScheduler.06" [_thread_blocked, id=18884, stack(0x000000bf7c400000,0x000000bf7c500000)]
  0x000002624dff0080 JavaThread "DietToolingScheduler.07" [_thread_blocked, id=26756, stack(0x000000bf7c500000,0x000000bf7c600000)]
  0x000002624dff4c70 JavaThread "DietToolingScheduler.08" [_thread_blocked, id=26520, stack(0x000000bf7c600000,0x000000bf7c700000)]
  0x000002624ce8f9d0 JavaThread "C2 CompilerThread1" daemon [_thread_blocked, id=23240, stack(0x000000bf7a400000,0x000000bf7a500000)]

Other Threads:
=>0x000002627f6f61f0 VMThread "VM Thread" [stack: 0x000000bf79700000,0x000000bf79800000] [id=20368]
  0x000002624319f1a0 WatcherThread [stack: 0x000000bf7a300000,0x000000bf7a400000] [id=2424]
  0x000002625ed40600 GCTaskThread "GC Thread#0" [stack: 0x000000bf79200000,0x000000bf79300000] [id=23820]
  0x0000026248919590 GCTaskThread "GC Thread#1" [stack: 0x000000bf7a600000,0x000000bf7a700000] [id=22644]
  0x0000026248919850 GCTaskThread "GC Thread#2" [stack: 0x000000bf7a700000,0x000000bf7a800000] [id=26972]
  0x0000026248559080 GCTaskThread "GC Thread#3" [stack: 0x000000bf7a800000,0x000000bf7a900000] [id=13056]
  0x00000262489ef3e0 GCTaskThread "GC Thread#4" [stack: 0x000000bf7a900000,0x000000bf7aa00000] [id=15948]
  0x00000262489ef6a0 GCTaskThread "GC Thread#5" [stack: 0x000000bf7aa00000,0x000000bf7ab00000] [id=28320]
  0x00000262484bdd50 GCTaskThread "GC Thread#6" [stack: 0x000000bf7ab00000,0x000000bf7ac00000] [id=9900]
  0x0000026248970870 GCTaskThread "GC Thread#7" [stack: 0x000000bf7ac00000,0x000000bf7ad00000] [id=12092]
  0x000002625ed51270 ConcurrentGCThread "G1 Main Marker" [stack: 0x000000bf79300000,0x000000bf79400000] [id=4012]
  0x000002625ed51ba0 ConcurrentGCThread "G1 Conc#0" [stack: 0x000000bf79400000,0x000000bf79500000] [id=18832]
  0x000002624896f330 ConcurrentGCThread "G1 Conc#1" [stack: 0x000000bf7ad00000,0x000000bf7ae00000] [id=20728]
  0x000002627f6281f0 ConcurrentGCThread "G1 Refine#0" [stack: 0x000000bf79500000,0x000000bf79600000] [id=15976]
  0x000002627f628b30 ConcurrentGCThread "G1 Service" [stack: 0x000000bf79600000,0x000000bf79700000] [id=2864]

Threads with active compile tasks:
C2 CompilerThread0   133153 18129       4       java.util.stream.ReferencePipeline::findAny (12 bytes)
C2 CompilerThread1   133153 18127       4       org.mule.apache.xerces.dom.ParentNode::nodeListItem (237 bytes)

VM state: at safepoint (normal execution)

VM Mutex/Monitor currently owned by a thread:  ([mutex/lock_event])
[0x000002625c8adbd0] Threads_lock - owner thread: 0x000002627f6f61f0
[0x000002625ecd0950] Heap_lock - owner thread: 0x0000026248927f90

Heap address: 0x0000000701e00000, size: 4066 MB, Compressed Oops mode: Zero based, Oop shift amount: 3

CDS archive(s) mapped at: [0x0000026202000000-0x0000026202bb0000-0x0000026202bb0000), size 12255232, SharedBaseAddress: 0x0000026202000000, ArchiveRelocationMode: 1.
Compressed class space mapped at: 0x0000026203000000-0x0000026243000000, reserved size: 1073741824
Narrow klass base: 0x0000026202000000, Narrow klass shift: 0, Narrow klass range: 0x100000000

GC Precious Log:
 CPUs: 8 total, 8 available
 Memory: 16262M
 Large Page Support: Disabled
 NUMA Support: Disabled
 Compressed Oops: Enabled (Zero based)
 Heap Region Size: 2M
 Heap Min Capacity: 8M
 Heap Initial Capacity: 256M
 Heap Max Capacity: 4066M
 Pre-touch: Disabled
 Parallel Workers: 8
 Concurrent Workers: 2
 Concurrent Refinement Workers: 8
 Periodic GC: Disabled

Heap:
 garbage-first heap   total 327680K, used 103088K [0x0000000701e00000, 0x0000000800000000)
  region size 2048K, 3 young (6144K), 3 survivors (6144K)
 Metaspace       used 102898K, committed 104192K, reserved 1179648K
  class space    used 14389K, committed 14976K, reserved 1048576K

Heap Regions: E=young(eden), S=young(survivor), O=old, HS=humongous(starts), HC=humongous(continues), CS=collection set, F=free, OA=open archive, CA=closed archive, TAMS=top-at-mark-start (previous, next)
|   0|0x0000000701e00000, 0x0000000702000000, 0x0000000702000000|100%| O|  |TAMS 0x0000000702000000, 0x0000000701e00000| Untracked 
|   1|0x0000000702000000, 0x0000000702200000, 0x0000000702200000|100%| O|  |TAMS 0x0000000702200000, 0x0000000702000000| Untracked 
|   2|0x0000000702200000, 0x0000000702400000, 0x0000000702400000|100%|HS|  |TAMS 0x0000000702400000, 0x0000000702200000| Untracked 
|   3|0x0000000702400000, 0x0000000702600000, 0x0000000702600000|100%|HS|  |TAMS 0x0000000702600000, 0x0000000702400000| Untracked 
|   4|0x0000000702600000, 0x0000000702800000, 0x0000000702800000|100%| O|  |TAMS 0x0000000702800000, 0x0000000702600000| Untracked 
|   5|0x0000000702800000, 0x00000007029ffff0, 0x0000000702a00000| 99%| O|  |TAMS 0x00000007029ffff0, 0x0000000702800000| Untracked 
|   6|0x0000000702a00000, 0x0000000702bfffe8, 0x0000000702c00000| 99%| O|  |TAMS 0x0000000702bfffe8, 0x0000000702a00000| Untracked 
|   7|0x0000000702c00000, 0x0000000702e00000, 0x0000000702e00000|100%| O|  |TAMS 0x0000000702e00000, 0x0000000702c00000| Untracked 
|   8|0x0000000702e00000, 0x0000000703000000, 0x0000000703000000|100%| O|  |TAMS 0x0000000703000000, 0x0000000702e00000| Untracked 
|   9|0x0000000703000000, 0x00000007031f3ac0, 0x0000000703200000| 97%| O|  |TAMS 0x00000007031f3ac0, 0x0000000703000000| Untracked 
|  10|0x0000000703200000, 0x0000000703400000, 0x0000000703400000|100%| O|  |TAMS 0x0000000703400000, 0x0000000703200000| Untracked 
|  11|0x0000000703400000, 0x00000007035ffff8, 0x0000000703600000| 99%| O|  |TAMS 0x00000007035ffff8, 0x0000000703400000| Untracked 
|  12|0x0000000703600000, 0x00000007037fffc0, 0x0000000703800000| 99%| O|  |TAMS 0x00000007037fffc0, 0x0000000703600000| Untracked 
|  13|0x0000000703800000, 0x00000007039fffd8, 0x0000000703a00000| 99%| O|  |TAMS 0x00000007039fffd8, 0x0000000703800000| Untracked 
|  14|0x0000000703a00000, 0x0000000703bfffa0, 0x0000000703c00000| 99%| O|  |TAMS 0x0000000703bfffa0, 0x0000000703a00000| Untracked 
|  15|0x0000000703c00000, 0x0000000703e00000, 0x0000000703e00000|100%| O|  |TAMS 0x0000000703e00000, 0x0000000703c00000| Untracked 
|  16|0x0000000703e00000, 0x0000000703ffffe8, 0x0000000704000000| 99%| O|  |TAMS 0x0000000703ffffe8, 0x0000000703e00000| Untracked 
|  17|0x0000000704000000, 0x00000007041ffff8, 0x0000000704200000| 99%| O|  |TAMS 0x00000007041ffff8, 0x0000000704000000| Untracked 
|  18|0x0000000704200000, 0x00000007043fffd8, 0x0000000704400000| 99%| O|  |TAMS 0x00000007043fffd8, 0x0000000704200000| Untracked 
|  19|0x0000000704400000, 0x00000007045fa390, 0x0000000704600000| 98%| O|  |TAMS 0x00000007045fa390, 0x0000000704400000| Untracked 
|  20|0x0000000704600000, 0x00000007047d4f90, 0x0000000704800000| 91%| O|  |TAMS 0x0000000704600000, 0x0000000704600000| Untracked 
|  21|0x0000000704800000, 0x0000000704a00000, 0x0000000704a00000|100%| O|  |TAMS 0x0000000704a00000, 0x0000000704800000| Untracked 
|  22|0x0000000704a00000, 0x0000000704c00000, 0x0000000704c00000|100%| O|  |TAMS 0x0000000704c00000, 0x0000000704a00000| Untracked 
|  23|0x0000000704c00000, 0x0000000704e00000, 0x0000000704e00000|100%| O|  |TAMS 0x0000000704e00000, 0x0000000704c00000| Untracked 
|  24|0x0000000704e00000, 0x0000000704ffc658, 0x0000000705000000| 99%| O|  |TAMS 0x0000000704ffc658, 0x0000000704e00000| Untracked 
|  25|0x0000000705000000, 0x0000000705200000, 0x0000000705200000|100%| O|  |TAMS 0x0000000705200000, 0x0000000705000000| Untracked 
|  26|0x0000000705200000, 0x00000007053ffff8, 0x0000000705400000| 99%| O|  |TAMS 0x00000007053ffff8, 0x0000000705200000| Untracked 
|  27|0x0000000705400000, 0x00000007055ffff0, 0x0000000705600000| 99%| O|  |TAMS 0x00000007055ffff0, 0x0000000705400000| Untracked 
|  28|0x0000000705600000, 0x0000000705800000, 0x0000000705800000|100%| O|  |TAMS 0x0000000705800000, 0x0000000705600000| Untracked 
|  29|0x0000000705800000, 0x00000007059fffd0, 0x0000000705a00000| 99%| O|  |TAMS 0x00000007059fffd0, 0x0000000705800000| Untracked 
|  30|0x0000000705a00000, 0x0000000705bfffe8, 0x0000000705c00000| 99%| O|  |TAMS 0x0000000705bfffe8, 0x0000000705a00000| Untracked 
|  31|0x0000000705c00000, 0x0000000705dfffe8, 0x0000000705e00000| 99%| O|  |TAMS 0x0000000705dfffe8, 0x0000000705c00000| Untracked 
|  32|0x0000000705e00000, 0x0000000705ffac70, 0x0000000706000000| 98%| O|  |TAMS 0x0000000705ffac70, 0x0000000705e00000| Untracked 
|  33|0x0000000706000000, 0x0000000706200000, 0x0000000706200000|100%| O|  |TAMS 0x0000000706200000, 0x0000000706000000| Untracked 
|  34|0x0000000706200000, 0x00000007063ffff0, 0x0000000706400000| 99%| O|  |TAMS 0x00000007063ffff0, 0x0000000706200000| Untracked 
|  35|0x0000000706400000, 0x0000000706600000, 0x0000000706600000|100%| O|  |TAMS 0x0000000706600000, 0x0000000706400000| Untracked 
|  36|0x0000000706600000, 0x0000000706800000, 0x0000000706800000|100%| O|  |TAMS 0x0000000706800000, 0x0000000706600000| Untracked 
|  37|0x0000000706800000, 0x00000007069fffe8, 0x0000000706a00000| 99%| O|  |TAMS 0x00000007069fffe8, 0x0000000706800000| Untracked 
|  38|0x0000000706a00000, 0x0000000706bdbde0, 0x0000000706c00000| 92%| O|  |TAMS 0x0000000706a00000, 0x0000000706a00000| Untracked 
|  39|0x0000000706c00000, 0x0000000706d51bb8, 0x0000000706e00000| 65%| O|  |TAMS 0x0000000706c00000, 0x0000000706c00000| Untracked 
|  40|0x0000000706e00000, 0x0000000706e00000, 0x0000000707000000|  0%| F|  |TAMS 0x0000000706e00000, 0x0000000706e00000| Untracked 
|  41|0x0000000707000000, 0x00000007071f0770, 0x0000000707200000| 96%| O|  |TAMS 0x0000000707000000, 0x0000000707000000| Untracked 
|  42|0x0000000707200000, 0x00000007072d1720, 0x0000000707400000| 40%| O|  |TAMS 0x0000000707200000, 0x0000000707200000| Untracked 
|  43|0x0000000707400000, 0x000000070743e200, 0x0000000707600000| 12%| O|  |TAMS 0x0000000707400000, 0x0000000707400000| Untracked 
|  44|0x0000000707600000, 0x0000000707600000, 0x0000000707800000|  0%| F|  |TAMS 0x0000000707600000, 0x0000000707600000| Untracked 
|  45|0x0000000707800000, 0x0000000707800000, 0x0000000707a00000|  0%| F|  |TAMS 0x0000000707800000, 0x0000000707800000| Untracked 
|  46|0x0000000707a00000, 0x0000000707a00000, 0x0000000707c00000|  0%| F|  |TAMS 0x0000000707a00000, 0x0000000707a00000| Untracked 
|  47|0x0000000707c00000, 0x0000000707c00000, 0x0000000707e00000|  0%| F|  |TAMS 0x0000000707c00000, 0x0000000707c00000| Untracked 
|  48|0x0000000707e00000, 0x0000000707e00000, 0x0000000708000000|  0%| F|  |TAMS 0x0000000707e00000, 0x0000000707e00000| Untracked 
|  49|0x0000000708000000, 0x0000000708000000, 0x0000000708200000|  0%| F|  |TAMS 0x0000000708000000, 0x0000000708000000| Untracked 
|  50|0x0000000708200000, 0x00000007083fffe8, 0x0000000708400000| 99%| O|  |TAMS 0x00000007083fffe8, 0x0000000708200000| Untracked 
|  51|0x0000000708400000, 0x00000007085f4950, 0x0000000708600000| 97%| O|  |TAMS 0x00000007085f4950, 0x0000000708400000| Untracked 
|  52|0x0000000708600000, 0x000000070876c2f8, 0x0000000708800000| 71%| O|  |TAMS 0x0000000708600000, 0x0000000708600000| Untracked 
|  53|0x0000000708800000, 0x0000000708800000, 0x0000000708a00000|  0%| F|  |TAMS 0x0000000708800000, 0x0000000708800000| Untracked 
|  54|0x0000000708a00000, 0x0000000708bfffe8, 0x0000000708c00000| 99%| O|  |TAMS 0x0000000708bfffe8, 0x0000000708a00000| Untracked 
|  55|0x0000000708c00000, 0x0000000708c00000, 0x0000000708e00000|  0%| F|  |TAMS 0x0000000708c00000, 0x0000000708c00000| Untracked 
|  56|0x0000000708e00000, 0x0000000708e00000, 0x0000000709000000|  0%| F|  |TAMS 0x0000000708e00000, 0x0000000708e00000| Untracked 
|  57|0x0000000709000000, 0x0000000709000000, 0x0000000709200000|  0%| F|  |TAMS 0x0000000709000000, 0x0000000709000000| Untracked 
|  58|0x0000000709200000, 0x0000000709200000, 0x0000000709400000|  0%| F|  |TAMS 0x0000000709200000, 0x0000000709200000| Untracked 
|  59|0x0000000709400000, 0x0000000709400000, 0x0000000709600000|  0%| F|  |TAMS 0x0000000709400000, 0x0000000709400000| Untracked 
|  60|0x0000000709600000, 0x0000000709600000, 0x0000000709800000|  0%| F|  |TAMS 0x0000000709600000, 0x0000000709600000| Untracked 
|  61|0x0000000709800000, 0x0000000709800000, 0x0000000709a00000|  0%| F|  |TAMS 0x0000000709800000, 0x0000000709800000| Untracked 
|  62|0x0000000709a00000, 0x0000000709a00000, 0x0000000709c00000|  0%| F|  |TAMS 0x0000000709a00000, 0x0000000709a00000| Untracked 
|  63|0x0000000709c00000, 0x0000000709c00000, 0x0000000709e00000|  0%| F|  |TAMS 0x0000000709c00000, 0x0000000709c00000| Untracked 
|  64|0x0000000709e00000, 0x0000000709e00000, 0x000000070a000000|  0%| F|  |TAMS 0x0000000709e00000, 0x0000000709e00000| Untracked 
|  65|0x000000070a000000, 0x000000070a000000, 0x000000070a200000|  0%| F|  |TAMS 0x000000070a000000, 0x000000070a000000| Untracked 
|  66|0x000000070a200000, 0x000000070a200000, 0x000000070a400000|  0%| F|  |TAMS 0x000000070a200000, 0x000000070a200000| Untracked 
|  67|0x000000070a400000, 0x000000070a400000, 0x000000070a600000|  0%| F|  |TAMS 0x000000070a400000, 0x000000070a400000| Untracked 
|  68|0x000000070a600000, 0x000000070a800000, 0x000000070a800000|100%| O|  |TAMS 0x000000070a800000, 0x000000070a600000| Untracked 
|  69|0x000000070a800000, 0x000000070a971e98, 0x000000070aa00000| 72%| O|  |TAMS 0x000000070a800000, 0x000000070a800000| Untracked 
|  70|0x000000070aa00000, 0x000000070aa00000, 0x000000070ac00000|  0%| F|  |TAMS 0x000000070aa00000, 0x000000070aa00000| Untracked 
|  71|0x000000070ac00000, 0x000000070adf1f60, 0x000000070ae00000| 97%| S|CS|TAMS 0x000000070ac00000, 0x000000070ac00000| Complete 
|  72|0x000000070ae00000, 0x000000070b000000, 0x000000070b000000|100%| O|  |TAMS 0x000000070b000000, 0x000000070ae00000| Untracked 
|  73|0x000000070b000000, 0x000000070b200000, 0x000000070b200000|100%| S|CS|TAMS 0x000000070b000000, 0x000000070b000000| Complete 
|  74|0x000000070b200000, 0x000000070b400000, 0x000000070b400000|100%| S|CS|TAMS 0x000000070b200000, 0x000000070b200000| Complete 
|  75|0x000000070b400000, 0x000000070b400000, 0x000000070b600000|  0%| F|  |TAMS 0x000000070b400000, 0x000000070b400000| Untracked 
|  76|0x000000070b600000, 0x000000070b600000, 0x000000070b800000|  0%| F|  |TAMS 0x000000070b600000, 0x000000070b600000| Untracked 
|  77|0x000000070b800000, 0x000000070b800000, 0x000000070ba00000|  0%| F|  |TAMS 0x000000070b800000, 0x000000070b800000| Untracked 
|  78|0x000000070ba00000, 0x000000070ba00000, 0x000000070bc00000|  0%| F|  |TAMS 0x000000070ba00000, 0x000000070ba00000| Untracked 
|  79|0x000000070bc00000, 0x000000070bc00000, 0x000000070be00000|  0%| F|  |TAMS 0x000000070bc00000, 0x000000070bc00000| Untracked 
|  80|0x000000070be00000, 0x000000070be00000, 0x000000070c000000|  0%| F|  |TAMS 0x000000070be00000, 0x000000070be00000| Untracked 
|  81|0x000000070c000000, 0x000000070c000000, 0x000000070c200000|  0%| F|  |TAMS 0x000000070c000000, 0x000000070c000000| Untracked 
|  82|0x000000070c200000, 0x000000070c200000, 0x000000070c400000|  0%| F|  |TAMS 0x000000070c200000, 0x000000070c200000| Untracked 
|  83|0x000000070c400000, 0x000000070c400000, 0x000000070c600000|  0%| F|  |TAMS 0x000000070c400000, 0x000000070c400000| Untracked 
|  84|0x000000070c600000, 0x000000070c600000, 0x000000070c800000|  0%| F|  |TAMS 0x000000070c600000, 0x000000070c600000| Untracked 
|  85|0x000000070c800000, 0x000000070c800000, 0x000000070ca00000|  0%| F|  |TAMS 0x000000070c800000, 0x000000070c800000| Untracked 
|  86|0x000000070ca00000, 0x000000070ca00000, 0x000000070cc00000|  0%| F|  |TAMS 0x000000070ca00000, 0x000000070ca00000| Untracked 
|  87|0x000000070cc00000, 0x000000070cc00000, 0x000000070ce00000|  0%| F|  |TAMS 0x000000070cc00000, 0x000000070cc00000| Untracked 
|  88|0x000000070ce00000, 0x000000070ce00000, 0x000000070d000000|  0%| F|  |TAMS 0x000000070ce00000, 0x000000070ce00000| Untracked 
|  89|0x000000070d000000, 0x000000070d000000, 0x000000070d200000|  0%| F|  |TAMS 0x000000070d000000, 0x000000070d000000| Untracked 
|  90|0x000000070d200000, 0x000000070d200000, 0x000000070d400000|  0%| F|  |TAMS 0x000000070d200000, 0x000000070d200000| Untracked 
|  91|0x000000070d400000, 0x000000070d400000, 0x000000070d600000|  0%| F|  |TAMS 0x000000070d400000, 0x000000070d400000| Untracked 
|  92|0x000000070d600000, 0x000000070d600000, 0x000000070d800000|  0%| F|  |TAMS 0x000000070d600000, 0x000000070d600000| Untracked 
|  93|0x000000070d800000, 0x000000070d800000, 0x000000070da00000|  0%| F|  |TAMS 0x000000070d800000, 0x000000070d800000| Untracked 
|  94|0x000000070da00000, 0x000000070da00000, 0x000000070dc00000|  0%| F|  |TAMS 0x000000070da00000, 0x000000070da00000| Untracked 
|  95|0x000000070dc00000, 0x000000070dc00000, 0x000000070de00000|  0%| F|  |TAMS 0x000000070dc00000, 0x000000070dc00000| Untracked 
|  96|0x000000070de00000, 0x000000070de00000, 0x000000070e000000|  0%| F|  |TAMS 0x000000070de00000, 0x000000070de00000| Untracked 
|  97|0x000000070e000000, 0x000000070e000000, 0x000000070e200000|  0%| F|  |TAMS 0x000000070e000000, 0x000000070e000000| Untracked 
|  98|0x000000070e200000, 0x000000070e200000, 0x000000070e400000|  0%| F|  |TAMS 0x000000070e200000, 0x000000070e200000| Untracked 
|  99|0x000000070e400000, 0x000000070e400000, 0x000000070e600000|  0%| F|  |TAMS 0x000000070e400000, 0x000000070e400000| Untracked 
| 100|0x000000070e600000, 0x000000070e600000, 0x000000070e800000|  0%| F|  |TAMS 0x000000070e600000, 0x000000070e600000| Untracked 
| 101|0x000000070e800000, 0x000000070e800000, 0x000000070ea00000|  0%| F|  |TAMS 0x000000070e800000, 0x000000070e800000| Untracked 
| 102|0x000000070ea00000, 0x000000070ea00000, 0x000000070ec00000|  0%| F|  |TAMS 0x000000070ea00000, 0x000000070ea00000| Untracked 
| 103|0x000000070ec00000, 0x000000070ec00000, 0x000000070ee00000|  0%| F|  |TAMS 0x000000070ec00000, 0x000000070ec00000| Untracked 
| 104|0x000000070ee00000, 0x000000070ee00000, 0x000000070f000000|  0%| F|  |TAMS 0x000000070ee00000, 0x000000070ee00000| Untracked 
| 105|0x000000070f000000, 0x000000070f000000, 0x000000070f200000|  0%| F|  |TAMS 0x000000070f000000, 0x000000070f000000| Untracked 
| 106|0x000000070f200000, 0x000000070f200000, 0x000000070f400000|  0%| F|  |TAMS 0x000000070f200000, 0x000000070f200000| Untracked 
| 107|0x000000070f400000, 0x000000070f400000, 0x000000070f600000|  0%| F|  |TAMS 0x000000070f400000, 0x000000070f400000| Untracked 
| 108|0x000000070f600000, 0x000000070f600000, 0x000000070f800000|  0%| F|  |TAMS 0x000000070f600000, 0x000000070f600000| Untracked 
| 109|0x000000070f800000, 0x000000070f800000, 0x000000070fa00000|  0%| F|  |TAMS 0x000000070f800000, 0x000000070f800000| Untracked 
| 110|0x000000070fa00000, 0x000000070fa00000, 0x000000070fc00000|  0%| F|  |TAMS 0x000000070fa00000, 0x000000070fa00000| Untracked 
| 111|0x000000070fc00000, 0x000000070fc00000, 0x000000070fe00000|  0%| F|  |TAMS 0x000000070fc00000, 0x000000070fc00000| Untracked 
| 112|0x000000070fe00000, 0x000000070fe00000, 0x0000000710000000|  0%| F|  |TAMS 0x000000070fe00000, 0x000000070fe00000| Untracked 
| 113|0x0000000710000000, 0x0000000710000000, 0x0000000710200000|  0%| F|  |TAMS 0x0000000710000000, 0x0000000710000000| Untracked 
| 114|0x0000000710200000, 0x0000000710200000, 0x0000000710400000|  0%| F|  |TAMS 0x0000000710200000, 0x0000000710200000| Untracked 
| 115|0x0000000710400000, 0x0000000710400000, 0x0000000710600000|  0%| F|  |TAMS 0x0000000710400000, 0x0000000710400000| Untracked 
| 116|0x0000000710600000, 0x0000000710600000, 0x0000000710800000|  0%| F|  |TAMS 0x0000000710600000, 0x0000000710600000| Untracked 
| 117|0x0000000710800000, 0x0000000710800000, 0x0000000710a00000|  0%| F|  |TAMS 0x0000000710800000, 0x0000000710800000| Untracked 
| 118|0x0000000710a00000, 0x0000000710a00000, 0x0000000710c00000|  0%| F|  |TAMS 0x0000000710a00000, 0x0000000710a00000| Untracked 
| 119|0x0000000710c00000, 0x0000000710c00000, 0x0000000710e00000|  0%| F|  |TAMS 0x0000000710c00000, 0x0000000710c00000| Untracked 
| 120|0x0000000710e00000, 0x0000000710e00000, 0x0000000711000000|  0%| F|  |TAMS 0x0000000710e00000, 0x0000000710e00000| Untracked 
| 121|0x0000000711000000, 0x0000000711000000, 0x0000000711200000|  0%| F|  |TAMS 0x0000000711000000, 0x0000000711000000| Untracked 
| 122|0x0000000711200000, 0x0000000711200000, 0x0000000711400000|  0%| F|  |TAMS 0x0000000711200000, 0x0000000711200000| Untracked 
| 123|0x0000000711400000, 0x0000000711400000, 0x0000000711600000|  0%| F|  |TAMS 0x0000000711400000, 0x0000000711400000| Untracked 
| 124|0x0000000711600000, 0x0000000711600000, 0x0000000711800000|  0%| F|  |TAMS 0x0000000711600000, 0x0000000711600000| Untracked 
| 125|0x0000000711800000, 0x0000000711800000, 0x0000000711a00000|  0%| F|  |TAMS 0x0000000711800000, 0x0000000711800000| Untracked 
| 126|0x0000000711a00000, 0x0000000711a00000, 0x0000000711c00000|  0%| F|  |TAMS 0x0000000711a00000, 0x0000000711a00000| Untracked 
| 127|0x0000000711c00000, 0x0000000711c00000, 0x0000000711e00000|  0%| F|  |TAMS 0x0000000711c00000, 0x0000000711c00000| Untracked 
| 128|0x0000000711e00000, 0x0000000711e00000, 0x0000000712000000|  0%| F|  |TAMS 0x0000000711e00000, 0x0000000711e00000| Untracked 
| 129|0x0000000712000000, 0x0000000712000000, 0x0000000712200000|  0%| F|  |TAMS 0x0000000712000000, 0x0000000712000000| Untracked 
| 130|0x0000000712200000, 0x0000000712200000, 0x0000000712400000|  0%| F|  |TAMS 0x0000000712200000, 0x0000000712200000| Untracked 
| 131|0x0000000712400000, 0x0000000712400000, 0x0000000712600000|  0%| F|  |TAMS 0x0000000712400000, 0x0000000712400000| Untracked 
| 132|0x0000000712600000, 0x0000000712600000, 0x0000000712800000|  0%| F|  |TAMS 0x0000000712600000, 0x0000000712600000| Untracked 
| 133|0x0000000712800000, 0x0000000712800000, 0x0000000712a00000|  0%| F|  |TAMS 0x0000000712800000, 0x0000000712800000| Untracked 
| 134|0x0000000712a00000, 0x0000000712a00000, 0x0000000712c00000|  0%| F|  |TAMS 0x0000000712a00000, 0x0000000712a00000| Untracked 
| 135|0x0000000712c00000, 0x0000000712c00000, 0x0000000712e00000|  0%| F|  |TAMS 0x0000000712c00000, 0x0000000712c00000| Untracked 
| 136|0x0000000712e00000, 0x0000000712e00000, 0x0000000713000000|  0%| F|  |TAMS 0x0000000712e00000, 0x0000000712e00000| Untracked 
| 137|0x0000000713000000, 0x0000000713000000, 0x0000000713200000|  0%| F|  |TAMS 0x0000000713000000, 0x0000000713000000| Untracked 
| 138|0x0000000713200000, 0x0000000713200000, 0x0000000713400000|  0%| F|  |TAMS 0x0000000713200000, 0x0000000713200000| Untracked 
| 139|0x0000000713400000, 0x0000000713400000, 0x0000000713600000|  0%| F|  |TAMS 0x0000000713400000, 0x0000000713400000| Untracked 
| 140|0x0000000713600000, 0x0000000713600000, 0x0000000713800000|  0%| F|  |TAMS 0x0000000713600000, 0x0000000713600000| Untracked 
| 141|0x0000000713800000, 0x0000000713800000, 0x0000000713a00000|  0%| F|  |TAMS 0x0000000713800000, 0x0000000713800000| Untracked 
| 142|0x0000000713a00000, 0x0000000713a00000, 0x0000000713c00000|  0%| F|  |TAMS 0x0000000713a00000, 0x0000000713a00000| Untracked 
| 143|0x0000000713c00000, 0x0000000713c00000, 0x0000000713e00000|  0%| F|  |TAMS 0x0000000713c00000, 0x0000000713c00000| Untracked 
| 144|0x0000000713e00000, 0x0000000713e00000, 0x0000000714000000|  0%| F|  |TAMS 0x0000000713e00000, 0x0000000713e00000| Untracked 
| 145|0x0000000714000000, 0x0000000714000000, 0x0000000714200000|  0%| F|  |TAMS 0x0000000714000000, 0x0000000714000000| Untracked 
| 146|0x0000000714200000, 0x0000000714200000, 0x0000000714400000|  0%| F|  |TAMS 0x0000000714200000, 0x0000000714200000| Untracked 
| 147|0x0000000714400000, 0x0000000714400000, 0x0000000714600000|  0%| F|  |TAMS 0x0000000714400000, 0x0000000714400000| Untracked 
| 148|0x0000000714600000, 0x0000000714600000, 0x0000000714800000|  0%| F|  |TAMS 0x0000000714600000, 0x0000000714600000| Untracked 
| 149|0x0000000714800000, 0x0000000714800000, 0x0000000714a00000|  0%| F|  |TAMS 0x0000000714800000, 0x0000000714800000| Untracked 
| 150|0x0000000714a00000, 0x0000000714a00000, 0x0000000714c00000|  0%| F|  |TAMS 0x0000000714a00000, 0x0000000714a00000| Untracked 
| 151|0x0000000714c00000, 0x0000000714c00000, 0x0000000714e00000|  0%| F|  |TAMS 0x0000000714c00000, 0x0000000714c00000| Untracked 
| 152|0x0000000714e00000, 0x0000000714e00000, 0x0000000715000000|  0%| F|  |TAMS 0x0000000714e00000, 0x0000000714e00000| Untracked 
| 153|0x0000000715000000, 0x0000000715000000, 0x0000000715200000|  0%| F|  |TAMS 0x0000000715000000, 0x0000000715000000| Untracked 
| 154|0x0000000715200000, 0x0000000715200000, 0x0000000715400000|  0%| F|  |TAMS 0x0000000715200000, 0x0000000715200000| Untracked 
| 155|0x0000000715400000, 0x0000000715400000, 0x0000000715600000|  0%| F|  |TAMS 0x0000000715400000, 0x0000000715400000| Untracked 
| 156|0x0000000715600000, 0x0000000715600000, 0x0000000715800000|  0%| F|  |TAMS 0x0000000715600000, 0x0000000715600000| Untracked 
| 157|0x0000000715800000, 0x0000000715800000, 0x0000000715a00000|  0%| F|  |TAMS 0x0000000715800000, 0x0000000715800000| Untracked 
| 158|0x0000000715a00000, 0x0000000715a00000, 0x0000000715c00000|  0%| F|  |TAMS 0x0000000715a00000, 0x0000000715a00000| Untracked 
| 159|0x0000000715c00000, 0x0000000715c00000, 0x0000000715e00000|  0%| F|  |TAMS 0x0000000715c00000, 0x0000000715c00000| Untracked 

Card table byte_map: [0x0000026276310000,0x0000026276b10000] _byte_map_base: 0x0000026272b01000

Marking Bits (Prev, Next): (CMBitMap*) 0x000002625ed40b30, (CMBitMap*) 0x000002625ed40b70
 Prev Bits: [0x0000026277310000, 0x000002627b298000)
 Next Bits: [0x000002627b2a0000, 0x000002627f228000)

Polling page: 0x000002625e430000

Metaspace:

Usage:
  Non-class:     86.43 MB used.
      Class:     14.05 MB used.
       Both:    100.49 MB used.

Virtual space:
  Non-class space:      128.00 MB reserved,      87.12 MB ( 68%) committed,  2 nodes.
      Class space:        1.00 GB reserved,      14.62 MB (  1%) committed,  1 nodes.
             Both:        1.12 GB reserved,     101.75 MB (  9%) committed. 

Chunk freelists:
   Non-Class:  8.83 MB
       Class:  1.24 MB
        Both:  10.07 MB

MaxMetaspaceSize: unlimited
CompressedClassSpaceSize: 1.00 GB
Initial GC threshold: 21.00 MB
Current GC threshold: 167.50 MB
CDS: on
MetaspaceReclaimPolicy: balanced
 - commit_granule_bytes: 65536.
 - commit_granule_words: 8192.
 - virtual_space_node_default_size: 8388608.
 - enlarge_chunks_in_place: 1.
 - new_chunks_are_fully_committed: 0.
 - uncommit_free_chunks: 1.
 - use_allocation_guard: 0.
 - handle_deallocations: 1.


Internal statistics:

num_allocs_failed_limit: 11.
num_arena_births: 980.
num_arena_deaths: 68.
num_vsnodes_births: 3.
num_vsnodes_deaths: 0.
num_space_committed: 1922.
num_space_uncommitted: 294.
num_chunks_returned_to_freelist: 858.
num_chunks_taken_from_freelist: 6051.
num_chunk_merges: 345.
num_chunk_splits: 4297.
num_chunks_enlarged: 3298.
num_inconsistent_stats: 0.

CodeHeap 'non-profiled nmethods': size=120000Kb used=11691Kb max_used=11691Kb free=108308Kb
 bounds [0x000002626e2b0000, 0x000002626ee20000, 0x00000262757e0000]
CodeHeap 'profiled nmethods': size=120000Kb used=26521Kb max_used=27596Kb free=93478Kb
 bounds [0x00000262667e0000, 0x00000262682e0000, 0x000002626dd10000]
CodeHeap 'non-nmethods': size=5760Kb used=1383Kb max_used=1488Kb free=4376Kb
 bounds [0x000002626dd10000, 0x000002626df80000, 0x000002626e2b0000]
 total_blobs=14055 nmethods=13338 adapters=628
 compilation: enabled
              stopped_count=0, restarted_count=0
 full_count=0

Compilation events (20 events):
Event: 132.930 Thread 0x000002627f72e8f0 nmethod 18096 0x000002626ee1a390 code [0x000002626ee1a560, 0x000002626ee1abb8]
Event: 132.930 Thread 0x000002627f72e8f0 18129       4       java.util.stream.ReferencePipeline::findAny (12 bytes)
Event: 132.936 Thread 0x000002627f7308e0 18130       3       org.mule.runtime.extension.api.dsl.syntax.XmlDslSyntaxResolver$6$$Lambda$1986/0x00000262036fd170::<init> (32 bytes)
Event: 132.937 Thread 0x000002627f7308e0 nmethod 18130 0x0000026267bf5090 code [0x0000026267bf5240, 0x0000026267bf5598]
Event: 132.938 Thread 0x000002627f7308e0 18131       3       org.mule.runtime.extension.api.dsl.syntax.XmlDslSyntaxResolver::access$1800 (14 bytes)
Event: 132.938 Thread 0x000002627f7308e0 nmethod 18131 0x00000262678e4110 code [0x00000262678e42a0, 0x00000262678e43c8]
Event: 132.941 Thread 0x000002627f7308e0 18132       3       org.mule.runtime.extension.api.dsl.syntax.XmlDslSyntaxResolver$6$$Lambda$1999/0x00000262036fee38::accept (24 bytes)
Event: 132.942 Thread 0x000002627f7308e0 nmethod 18132 0x0000026267c21090 code [0x0000026267c21240, 0x0000026267c214c8]
Event: 132.942 Thread 0x000002627f7308e0 18133       3       org.mule.runtime.extension.api.dsl.syntax.XmlDslSyntaxResolver$6::lambda$visitUnion$0 (59 bytes)
Event: 132.943 Thread 0x000002627f7308e0 nmethod 18133 0x00000262678b3510 code [0x00000262678b3760, 0x00000262678b3fc8]
Event: 132.943 Thread 0x000002627f7308e0 18134       3       org.mule.runtime.extension.api.dsl.syntax.XmlDslSyntaxResolver::access$2200 (12 bytes)
Event: 132.943 Thread 0x000002627f7308e0 nmethod 18134 0x0000026267c0ab90 code [0x0000026267c0ad20, 0x0000026267c0ae48]
Event: 132.943 Thread 0x000002627f7308e0 18135       3       org.mule.runtime.extension.api.dsl.syntax.XmlDslSyntaxResolver$3::visit (13 bytes)
Event: 132.944 Thread 0x000002627f7308e0 nmethod 18135 0x00000262671f7110 code [0x00000262671f72c0, 0x00000262671f7468]
Event: 132.944 Thread 0x000002627f7308e0 18136       3       org.mule.runtime.extension.api.util.ExtensionModelUtils::supportsMultiple (28 bytes)
Event: 132.945 Thread 0x000002627f7308e0 nmethod 18136 0x0000026267769910 code [0x0000026267769ba0, 0x000002626776aa98]
Event: 132.945 Thread 0x000002627f7308e0 18137       3       org.mule.runtime.extension.api.model.nested.ImmutableNestedRouteModel::accept (8 bytes)
Event: 132.945 Thread 0x000002627f7308e0 nmethod 18137 0x0000026267c77610 code [0x0000026267c777c0, 0x0000026267c779a8]
Event: 132.951 Thread 0x000002627f7308e0 18138       3       org.mule.runtime.ast.internal.model.DefaultExtensionModelHelper$5::onSource (43 bytes)
Event: 132.952 Thread 0x000002627f7308e0 nmethod 18138 0x0000026267e08390 code [0x0000026267e08580, 0x0000026267e08948]

GC Heap History (20 events):
Event: 93.075 GC heap after
{Heap after GC invocations=40 (full 4):
 garbage-first heap   total 233472K, used 81208K [0x0000000701e00000, 0x0000000800000000)
  region size 2048K, 1 young (2048K), 1 survivors (2048K)
 Metaspace       used 94093K, committed 95104K, reserved 1179648K
  class space    used 13144K, committed 13568K, reserved 1048576K
}
Event: 93.879 GC heap before
{Heap before GC invocations=40 (full 4):
 garbage-first heap   total 233472K, used 179512K [0x0000000701e00000, 0x0000000800000000)
  region size 2048K, 50 young (102400K), 1 survivors (2048K)
 Metaspace       used 95549K, committed 96512K, reserved 1179648K
  class space    used 13333K, committed 13760K, reserved 1048576K
}
Event: 93.954 GC heap after
{Heap after GC invocations=41 (full 5):
 garbage-first heap   total 233472K, used 82964K [0x0000000701e00000, 0x0000000800000000)
  region size 2048K, 0 young (0K), 0 survivors (0K)
 Metaspace       used 95549K, committed 96512K, reserved 1179648K
  class space    used 13333K, committed 13760K, reserved 1048576K
}
Event: 95.620 GC heap before
{Heap before GC invocations=41 (full 5):
 garbage-first heap   total 233472K, used 189460K [0x0000000701e00000, 0x0000000800000000)
  region size 2048K, 52 young (106496K), 0 survivors (0K)
 Metaspace       used 95582K, committed 96576K, reserved 1179648K
  class space    used 13335K, committed 13760K, reserved 1048576K
}
Event: 95.623 GC heap after
{Heap after GC invocations=42 (full 5):
 garbage-first heap   total 395264K, used 85143K [0x0000000701e00000, 0x0000000800000000)
  region size 2048K, 2 young (4096K), 2 survivors (4096K)
 Metaspace       used 95582K, committed 96576K, reserved 1179648K
  class space    used 13335K, committed 13760K, reserved 1048576K
}
Event: 96.931 GC heap before
{Heap before GC invocations=42 (full 5):
 garbage-first heap   total 395264K, used 183447K [0x0000000701e00000, 0x0000000800000000)
  region size 2048K, 51 young (104448K), 2 survivors (4096K)
 Metaspace       used 97894K, committed 98944K, reserved 1179648K
  class space    used 13701K, committed 14144K, reserved 1048576K
}
Event: 97.004 GC heap after
{Heap after GC invocations=43 (full 6):
 garbage-first heap   total 327680K, used 88770K [0x0000000701e00000, 0x0000000800000000)
  region size 2048K, 0 young (0K), 0 survivors (0K)
 Metaspace       used 97894K, committed 98944K, reserved 1179648K
  class space    used 13701K, committed 14144K, reserved 1048576K
}
Event: 100.128 GC heap before
{Heap before GC invocations=43 (full 6):
 garbage-first heap   total 327680K, used 264898K [0x0000000701e00000, 0x0000000800000000)
  region size 2048K, 87 young (178176K), 0 survivors (0K)
 Metaspace       used 99222K, committed 100288K, reserved 1179648K
  class space    used 13879K, committed 14336K, reserved 1048576K
}
Event: 100.133 GC heap after
{Heap after GC invocations=44 (full 6):
 garbage-first heap   total 327680K, used 94708K [0x0000000701e00000, 0x0000000800000000)
  region size 2048K, 3 young (6144K), 3 survivors (6144K)
 Metaspace       used 99222K, committed 100288K, reserved 1179648K
  class space    used 13879K, committed 14336K, reserved 1048576K
}
Event: 100.306 GC heap before
{Heap before GC invocations=45 (full 6):
 garbage-first heap   total 327680K, used 100852K [0x0000000701e00000, 0x0000000800000000)
  region size 2048K, 7 young (14336K), 3 survivors (6144K)
 Metaspace       used 99121K, committed 100288K, reserved 1179648K
  class space    used 13867K, committed 14336K, reserved 1048576K
}
Event: 100.389 GC heap after
{Heap after GC invocations=46 (full 7):
 garbage-first heap   total 327680K, used 91329K [0x0000000701e00000, 0x0000000800000000)
  region size 2048K, 0 young (0K), 0 survivors (0K)
 Metaspace       used 99121K, committed 100288K, reserved 1179648K
  class space    used 13867K, committed 14336K, reserved 1048576K
}
Event: 102.588 GC heap before
{Heap before GC invocations=46 (full 7):
 garbage-first heap   total 327680K, used 271553K [0x0000000701e00000, 0x0000000800000000)
  region size 2048K, 88 young (180224K), 0 survivors (0K)
 Metaspace       used 100475K, committed 101632K, reserved 1179648K
  class space    used 14045K, committed 14528K, reserved 1048576K
}
Event: 102.593 GC heap after
{Heap after GC invocations=47 (full 7):
 garbage-first heap   total 327680K, used 97473K [0x0000000701e00000, 0x0000000800000000)
  region size 2048K, 3 young (6144K), 3 survivors (6144K)
 Metaspace       used 100475K, committed 101632K, reserved 1179648K
  class space    used 14045K, committed 14528K, reserved 1048576K
}
Event: 102.699 GC heap before
{Heap before GC invocations=47 (full 7):
 garbage-first heap   total 327680K, used 101569K [0x0000000701e00000, 0x0000000800000000)
  region size 2048K, 6 young (12288K), 3 survivors (6144K)
 Metaspace       used 100536K, committed 101696K, reserved 1179648K
  class space    used 14055K, committed 14592K, reserved 1048576K
}
Event: 102.795 GC heap after
{Heap after GC invocations=48 (full 8):
 garbage-first heap   total 327680K, used 94177K [0x0000000701e00000, 0x0000000800000000)
  region size 2048K, 0 young (0K), 0 survivors (0K)
 Metaspace       used 100376K, committed 101632K, reserved 1179648K
  class space    used 14044K, committed 14592K, reserved 1048576K
}
Event: 107.156 GC heap before
{Heap before GC invocations=48 (full 8):
 garbage-first heap   total 327680K, used 270305K [0x0000000701e00000, 0x0000000800000000)
  region size 2048K, 86 young (176128K), 0 survivors (0K)
 Metaspace       used 101702K, committed 102976K, reserved 1179648K
  class space    used 14222K, committed 14784K, reserved 1048576K
}
Event: 107.161 GC heap after
{Heap after GC invocations=49 (full 8):
 garbage-first heap   total 327680K, used 100321K [0x0000000701e00000, 0x0000000800000000)
  region size 2048K, 3 young (6144K), 3 survivors (6144K)
 Metaspace       used 101702K, committed 102976K, reserved 1179648K
  class space    used 14222K, committed 14784K, reserved 1048576K
}
Event: 107.331 GC heap before
{Heap before GC invocations=49 (full 8):
 garbage-first heap   total 327680K, used 108513K [0x0000000701e00000, 0x0000000800000000)
  region size 2048K, 8 young (16384K), 3 survivors (6144K)
 Metaspace       used 101728K, committed 102976K, reserved 1179648K
  class space    used 14223K, committed 14784K, reserved 1048576K
}
Event: 107.437 GC heap after
{Heap after GC invocations=50 (full 9):
 garbage-first heap   total 327680K, used 97000K [0x0000000701e00000, 0x0000000800000000)
  region size 2048K, 0 young (0K), 0 survivors (0K)
 Metaspace       used 101568K, committed 102912K, reserved 1179648K
  class space    used 14211K, committed 14784K, reserved 1048576K
}
Event: 132.955 GC heap before
{Heap before GC invocations=50 (full 9):
 garbage-first heap   total 327680K, used 271080K [0x0000000701e00000, 0x0000000800000000)
  region size 2048K, 85 young (174080K), 0 survivors (0K)
 Metaspace       used 102898K, committed 104192K, reserved 1179648K
  class space    used 14389K, committed 14976K, reserved 1048576K
}

Dll operation events (11 events):
Event: 0.077 Loaded shared library C:\Users\manish.kumar_bitsing\AnypointCodeBuilder\java\jdk-17.0.13+11\bin\java.dll
Event: 0.182 Loaded shared library C:\Users\manish.kumar_bitsing\AnypointCodeBuilder\java\jdk-17.0.13+11\bin\jsvml.dll
Event: 0.323 Loaded shared library C:\Users\manish.kumar_bitsing\AnypointCodeBuilder\java\jdk-17.0.13+11\bin\net.dll
Event: 0.328 Loaded shared library C:\Users\manish.kumar_bitsing\AnypointCodeBuilder\java\jdk-17.0.13+11\bin\nio.dll
Event: 0.338 Loaded shared library C:\Users\manish.kumar_bitsing\AnypointCodeBuilder\java\jdk-17.0.13+11\bin\zip.dll
Event: 7.227 Loaded shared library C:\Users\manish.kumar_bitsing\AnypointCodeBuilder\java\jdk-17.0.13+11\bin\jimage.dll
Event: 12.396 Loaded shared library C:\Users\manish.kumar_bitsing\AnypointCodeBuilder\java\jdk-17.0.13+11\bin\verify.dll
Event: 12.921 Loaded shared library C:\Users\manish.kumar_bitsing\AnypointCodeBuilder\java\jdk-17.0.13+11\bin\extnet.dll
Event: 57.060 Loaded shared library C:\Users\manish.kumar_bitsing\AnypointCodeBuilder\java\jdk-17.0.13+11\bin\sunmscapi.dll
Event: 81.698 Loaded shared library C:\Users\manish.kumar_bitsing\AnypointCodeBuilder\java\jdk-17.0.13+11\bin\management.dll
Event: 81.706 Loaded shared library C:\Users\manish.kumar_bitsing\AnypointCodeBuilder\java\jdk-17.0.13+11\bin\management_ext.dll

Deoptimization events (20 events):
Event: 105.337 Thread 0x000002624dff5ba0 Uncommon trap: trap_request=0xffffffbe fr.pc=0x000002626ed38434 relative=0x0000000000002454
Event: 105.337 Thread 0x000002624dff5ba0 Uncommon trap: reason=profile_predicate action=maybe_recompile pc=0x000002626ed38434 method=org.apache.maven.model.composition.DefaultDependencyManagementImporter.importManagement(Lorg/apache/maven/model/Model;Ljava/util/List;Lorg/apache/maven/model/build
Event: 105.337 Thread 0x000002624dff5ba0 DEOPT PACKING pc=0x000002626ed38434 sp=0x000000bf7c7fe070
Event: 105.338 Thread 0x000002624dff5ba0 DEOPT UNPACKING pc=0x000002626dd669a3 sp=0x000000bf7c7fe030 mode 2
Event: 105.501 Thread 0x000002624dff6ad0 DEOPT PACKING pc=0x0000026267affc30 sp=0x000000bf7a4fdf90
Event: 105.501 Thread 0x000002624dff6ad0 DEOPT UNPACKING pc=0x000002626dd67143 sp=0x000000bf7a4fd4d8 mode 0
Event: 107.450 Thread 0x0000026248927f90 Uncommon trap: trap_request=0xfffffff4 fr.pc=0x000002626e8e190c relative=0x000000000000006c
Event: 107.450 Thread 0x0000026248927f90 Uncommon trap: reason=null_check action=make_not_entrant pc=0x000002626e8e190c method=org.mule.tooling.client.internal.persistence.ExtensionTypeAnnotationSerializerExtender$1.create(Lcom/google/gson/Gson;Lcom/google/gson/reflect/TypeToken;)Lcom/google/gso
Event: 107.450 Thread 0x0000026248927f90 DEOPT PACKING pc=0x000002626e8e190c sp=0x000000bf7a5fd510
Event: 107.450 Thread 0x0000026248927f90 DEOPT UNPACKING pc=0x000002626dd669a3 sp=0x000000bf7a5fd480 mode 2
Event: 107.453 Thread 0x0000026248927f90 Uncommon trap: trap_request=0xfffffff4 fr.pc=0x000002626e8e158c relative=0x000000000000006c
Event: 107.453 Thread 0x0000026248927f90 Uncommon trap: reason=null_check action=make_not_entrant pc=0x000002626e8e158c method=org.mule.runtime.extension.internal.persistence.ExtensionTypeAnnotationSerializerExtender$1.create(Lcom/google/gson/Gson;Lcom/google/gson/reflect/TypeToken;)Lcom/google/
Event: 107.453 Thread 0x0000026248927f90 DEOPT PACKING pc=0x000002626e8e158c sp=0x000000bf7a5fda50
Event: 107.453 Thread 0x0000026248927f90 DEOPT UNPACKING pc=0x000002626dd669a3 sp=0x000000bf7a5fd9c0 mode 2
Event: 131.078 Thread 0x000002624dff6ad0 Uncommon trap: trap_request=0xffffff45 fr.pc=0x000002626ea5abd0 relative=0x0000000000000450
Event: 131.078 Thread 0x000002624dff6ad0 Uncommon trap: reason=unstable_if action=reinterpret pc=0x000002626ea5abd0 method=sun.nio.ch.FileLockTable.add(Ljava/nio/channels/FileLock;)V @ 15 c2
Event: 131.078 Thread 0x000002624dff6ad0 DEOPT PACKING pc=0x000002626ea5abd0 sp=0x000000bf7c7fd220
Event: 131.078 Thread 0x000002624dff6ad0 DEOPT UNPACKING pc=0x000002626dd669a3 sp=0x000000bf7c7fd1f8 mode 2
Event: 132.878 Thread 0x0000026248927f90 DEOPT PACKING pc=0x0000026266c56ce8 sp=0x000000bf7a5fcf80
Event: 132.878 Thread 0x0000026248927f90 DEOPT UNPACKING pc=0x000002626dd67143 sp=0x000000bf7a5fc418 mode 0

Classes loaded (20 events):
Event: 132.151 Loading class java/util/OptionalCustomizer
Event: 132.151 Loading class java/util/OptionalCustomizer done
Event: 132.152 Loading class java/util/OptionalCustomizer
Event: 132.152 Loading class java/util/OptionalCustomizer done
Event: 132.153 Loading class java/lang/ExceptionBeanInfo
Event: 132.153 Loading class java/lang/ExceptionBeanInfo done
Event: 132.153 Loading class java/lang/ExceptionBeanInfo
Event: 132.153 Loading class java/lang/ExceptionBeanInfo done
Event: 132.153 Loading class java/lang/ThrowableBeanInfo
Event: 132.153 Loading class java/lang/ThrowableBeanInfo done
Event: 132.154 Loading class java/lang/ThrowableBeanInfo
Event: 132.154 Loading class java/lang/ThrowableBeanInfo done
Event: 132.154 Loading class java/lang/ThrowableCustomizer
Event: 132.154 Loading class java/lang/ThrowableCustomizer done
Event: 132.154 Loading class java/lang/ThrowableCustomizer
Event: 132.154 Loading class java/lang/ThrowableCustomizer done
Event: 132.154 Loading class java/lang/ExceptionCustomizer
Event: 132.154 Loading class java/lang/ExceptionCustomizer done
Event: 132.154 Loading class java/lang/ExceptionCustomizer
Event: 132.154 Loading class java/lang/ExceptionCustomizer done

Classes unloaded (20 events):
Event: 102.732 Thread 0x000002627f6f61f0 Unloading class 0x0000026203e2c000 'org/mule/module/apikit/ApikitExtensionLoadingDelegate'
Event: 107.365 Thread 0x000002627f6f61f0 Unloading class 0x0000026203e5ec00 'org/mule/module/apikit/Configuration'
Event: 107.365 Thread 0x000002627f6f61f0 Unloading class 0x0000026203e5ea08 'org/mule/module/apikit/api/config/ConsoleConfig'
Event: 107.365 Thread 0x000002627f6f61f0 Unloading class 0x0000026203e5e810 'org/mule/module/apikit/api/config/ValidationConfig'
Event: 107.365 Thread 0x000002627f6f61f0 Unloading class 0x0000026203e5e5f0 'org/mule/module/apikit/ApikitRegistry'
Event: 107.365 Thread 0x000002627f6f61f0 Unloading class 0x0000026203e5e3f0 'org/apache/commons/lang3/StringUtils'
Event: 107.365 Thread 0x000002627f6f61f0 Unloading class 0x0000026203e5e1f0 'org/mule/module/apikit/utils/MuleVersionUtils'
Event: 107.365 Thread 0x000002627f6f61f0 Unloading class 0x0000026203e5dcf8 'org/mule/module/apikit/api/deserializing/ArrayHeaderDelimiter'
Event: 107.365 Thread 0x000002627f6f61f0 Unloading class 0x0000026203e5dae0 'org/mule/module/apikit/api/deserializing/AttributesDeserializingStrategies'
Event: 107.365 Thread 0x000002627f6f61f0 Unloading class 0x0000026203e5d880 'org/mule/module/apikit/FlowMapping'
Event: 107.365 Thread 0x000002627f6f61f0 Unloading class 0x0000026203e5d458 'org/mule/parser/service/strategy/WithFallbackParsingStrategy'
Event: 107.365 Thread 0x000002627f6f61f0 Unloading class 0x0000026203e5d240 'org/mule/parser/service/references/ReferencesResolver'
Event: 107.365 Thread 0x000002627f6f61f0 Unloading class 0x0000026203e5d000 'org/mule/parser/service/strategy/RamlParsingStrategy'
Event: 107.365 Thread 0x000002627f6f61f0 Unloading class 0x0000026203e5cc88 'org/mule/apikit/model/ApiSpecification'
Event: 107.365 Thread 0x000002627f6f61f0 Unloading class 0x0000026203e5ca90 'org/mule/parser/service/result/ParseResult'
Event: 107.365 Thread 0x000002627f6f61f0 Unloading class 0x0000026203e5c898 'org/mule/apikit/ApiParser'
Event: 107.365 Thread 0x000002627f6f61f0 Unloading class 0x0000026203e5c660 'org/mule/parser/service/strategy/AMFParsingStrategy'
Event: 107.365 Thread 0x000002627f6f61f0 Unloading class 0x0000026203e5c468 'org/mule/parser/service/strategy/ParsingStrategy'
Event: 107.365 Thread 0x000002627f6f61f0 Unloading class 0x0000026203e5c228 'org/mule/parser/service/ParserMode'
Event: 107.365 Thread 0x000002627f6f61f0 Unloading class 0x0000026203e5c000 'org/mule/module/apikit/ApikitExtensionLoadingDelegate'

Classes redefined (0 events):
No events

Internal exceptions (20 events):
Event: 132.658 Thread 0x0000026248927f90 Exception <a 'java/lang/ClassNotFoundException'{0x000000070d1c33f8}: org/mule/extension/http/api/certificate/CertificateExtensionBeanInfo> (0x000000070d1c33f8) 
thrown [s\src\hotspot\share\classfile\systemDictionary.cpp, line 256]
Event: 132.659 Thread 0x0000026248927f90 Exception <a 'java/lang/ClassNotFoundException'{0x000000070d1cb420}: org/mule/extension/http/api/certificate/CertificateExtensionCustomizer> (0x000000070d1cb420) 
thrown [s\src\hotspot\share\classfile\systemDictionary.cpp, line 256]
Event: 132.664 Thread 0x0000026248927f90 Exception <a 'java/lang/ClassNotFoundException'{0x000000070d1d8798}: org/mule/extension/http/api/certificate/AlternativeNameDataBeanInfo> (0x000000070d1d8798) 
thrown [s\src\hotspot\share\classfile\systemDictionary.cpp, line 256]
Event: 132.666 Thread 0x0000026248927f90 Exception <a 'java/lang/ClassNotFoundException'{0x000000070d1e0790}: org/mule/extension/http/api/certificate/AlternativeNameDataCustomizer> (0x000000070d1e0790) 
thrown [s\src\hotspot\share\classfile\systemDictionary.cpp, line 256]
Event: 132.668 Thread 0x0000026248927f90 Exception <a 'java/lang/ClassNotFoundException'{0x000000070d1ebb70}: org/mule/extension/http/api/certificate/PrincipalDataBeanInfo> (0x000000070d1ebb70) 
thrown [s\src\hotspot\share\classfile\systemDictionary.cpp, line 256]
Event: 132.669 Thread 0x0000026248927f90 Exception <a 'java/lang/ClassNotFoundException'{0x000000070d1f3a80}: org/mule/extension/http/api/certificate/PrincipalDataCustomizer> (0x000000070d1f3a80) 
thrown [s\src\hotspot\share\classfile\systemDictionary.cpp, line 256]
Event: 132.674 Thread 0x0000026248927f90 Exception <a 'java/lang/ClassNotFoundException'{0x000000070d1ffd38}: org/mule/extension/http/api/certificate/X500PrincipalDataBeanInfo> (0x000000070d1ffd38) 
thrown [s\src\hotspot\share\classfile\systemDictionary.cpp, line 256]
Event: 132.678 Thread 0x0000026248927f90 Exception <a 'java/lang/ClassNotFoundException'{0x000000070ce07f88}: org/mule/extension/http/api/certificate/X500PrincipalDataCustomizer> (0x000000070ce07f88) 
thrown [s\src\hotspot\share\classfile\systemDictionary.cpp, line 256]
Event: 132.679 Thread 0x0000026248927f90 Exception <a 'java/lang/ClassNotFoundException'{0x000000070ce14468}: org/mule/extension/http/api/certificate/PublicKeyDataBeanInfo> (0x000000070ce14468) 
thrown [s\src\hotspot\share\classfile\systemDictionary.cpp, line 256]
Event: 132.680 Thread 0x0000026248927f90 Exception <a 'java/lang/ClassNotFoundException'{0x000000070ce1c378}: org/mule/extension/http/api/certificate/PublicKeyDataCustomizer> (0x000000070ce1c378) 
thrown [s\src\hotspot\share\classfile\systemDictionary.cpp, line 256]
Event: 132.681 Thread 0x0000026248927f90 Exception <a 'java/lang/ClassNotFoundException'{0x000000070ce2a718}: org/mule/extension/http/api/certificate/SerialNumberDataBeanInfo> (0x000000070ce2a718) 
thrown [s\src\hotspot\share\classfile\systemDictionary.cpp, line 256]
Event: 132.681 Thread 0x0000026248927f90 Exception <a 'java/lang/ClassNotFoundException'{0x000000070ce326b8}: org/mule/extension/http/api/certificate/SerialNumberDataCustomizer> (0x000000070ce326b8) 
thrown [s\src\hotspot\share\classfile\systemDictionary.cpp, line 256]
Event: 132.704 Thread 0x0000026248927f90 Exception <a 'java/lang/ArrayIndexOutOfBoundsException'{0x000000070cead108}> (0x000000070cead108) 
thrown [s\src\hotspot\share\runtime\sharedRuntime.cpp, line 631]
Event: 132.704 Thread 0x0000026248927f90 Exception <a 'java/lang/ArrayIndexOutOfBoundsException'{0x000000070cead868}> (0x000000070cead868) 
thrown [s\src\hotspot\share\runtime\sharedRuntime.cpp, line 631]
Event: 132.705 Thread 0x0000026248927f90 Exception <a 'java/lang/ArrayIndexOutOfBoundsException'{0x000000070ceb79e0}> (0x000000070ceb79e0) 
thrown [s\src\hotspot\share\runtime\sharedRuntime.cpp, line 631]
Event: 132.705 Thread 0x0000026248927f90 Exception <a 'java/lang/ArrayIndexOutOfBoundsException'{0x000000070ceb8140}> (0x000000070ceb8140) 
thrown [s\src\hotspot\share\runtime\sharedRuntime.cpp, line 631]
Event: 132.706 Thread 0x0000026248927f90 Exception <a 'java/lang/ArrayIndexOutOfBoundsException'{0x000000070cebf8c8}> (0x000000070cebf8c8) 
thrown [s\src\hotspot\share\runtime\sharedRuntime.cpp, line 631]
Event: 132.706 Thread 0x0000026248927f90 Exception <a 'java/lang/ArrayIndexOutOfBoundsException'{0x000000070cec2788}> (0x000000070cec2788) 
thrown [s\src\hotspot\share\runtime\sharedRuntime.cpp, line 631]
Event: 132.717 Thread 0x0000026248927f90 Exception <a 'java/lang/ArrayIndexOutOfBoundsException'{0x000000070cf35a30}> (0x000000070cf35a30) 
thrown [s\src\hotspot\share\runtime\sharedRuntime.cpp, line 631]
Event: 132.717 Thread 0x0000026248927f90 Exception <a 'sun/nio/fs/WindowsException'{0x000000070cf36cc8}> (0x000000070cf36cc8) 
thrown [s\src\hotspot\share\prims\jni.cpp, line 516]

VM Operations (20 events):
Event: 105.338 Executing VM operation: HandshakeAllThreads done
Event: 105.338 Executing VM operation: Cleanup
Event: 105.339 Executing VM operation: Cleanup done
Event: 105.787 Executing VM operation: HandshakeAllThreads
Event: 105.787 Executing VM operation: HandshakeAllThreads done
Event: 106.793 Executing VM operation: Cleanup
Event: 106.794 Executing VM operation: Cleanup done
Event: 107.156 Executing VM operation: G1CollectForAllocation
Event: 107.161 Executing VM operation: G1CollectForAllocation done
Event: 107.330 Executing VM operation: G1CollectFull
Event: 107.437 Executing VM operation: G1CollectFull done
Event: 108.447 Executing VM operation: Cleanup
Event: 108.447 Executing VM operation: Cleanup done
Event: 120.438 Executing VM operation: HandshakeAllThreads
Event: 120.438 Executing VM operation: HandshakeAllThreads done
Event: 130.515 Executing VM operation: Cleanup
Event: 130.515 Executing VM operation: Cleanup done
Event: 131.525 Executing VM operation: Cleanup
Event: 131.525 Executing VM operation: Cleanup done
Event: 132.955 Executing VM operation: G1CollectForAllocation

Memory protections (0 events):
No events

Nmethod flushes (20 events):
Event: 105.822 Thread 0x000002627f74fff0 flushing  nmethod 0x0000026267e0a490
Event: 105.822 Thread 0x000002627f74fff0 flushing  nmethod 0x0000026267e36310
Event: 105.822 Thread 0x000002627f74fff0 flushing  nmethod 0x0000026267e38310
Event: 105.822 Thread 0x000002627f74fff0 flushing  nmethod 0x0000026267e3a410
Event: 105.822 Thread 0x000002627f74fff0 flushing  nmethod 0x0000026267e3ab90
Event: 105.822 Thread 0x000002627f74fff0 flushing  nmethod 0x0000026267e3b310
Event: 105.822 Thread 0x000002627f74fff0 flushing  nmethod 0x0000026267e40f10
Event: 105.822 Thread 0x000002627f74fff0 flushing  nmethod 0x0000026267e42110
Event: 105.822 Thread 0x000002627f74fff0 flushing  nmethod 0x0000026267e47110
Event: 105.822 Thread 0x000002627f74fff0 flushing  nmethod 0x0000026267e48e90
Event: 105.822 Thread 0x000002627f74fff0 flushing  nmethod 0x0000026267e4a490
Event: 105.822 Thread 0x000002627f74fff0 flushing  nmethod 0x0000026267e4d090
Event: 105.822 Thread 0x000002627f74fff0 flushing  nmethod 0x0000026267e4d610
Event: 105.822 Thread 0x000002627f74fff0 flushing  nmethod 0x0000026267e4ef90
Event: 105.822 Thread 0x000002627f74fff0 flushing  nmethod 0x0000026267e50690
Event: 105.822 Thread 0x000002627f74fff0 flushing  nmethod 0x0000026267e58a90
Event: 105.823 Thread 0x000002627f74fff0 flushing  nmethod 0x0000026267e6d910
Event: 105.825 Thread 0x000002627f74fff0 flushing  nmethod 0x0000026268074190
Event: 105.826 Thread 0x000002627f74fff0 flushing  nmethod 0x00000262680f3810
Event: 105.826 Thread 0x000002627f74fff0 flushing  nmethod 0x0000026268116010

Events (20 events):
Event: 107.439 Thread 0x000002624ce8ca00 Thread exited: 0x000002624ce8ca00
Event: 107.440 Thread 0x000002624ce8d9f0 Thread exited: 0x000002624ce8d9f0
Event: 107.451 Thread 0x000002627f7308e0 Thread added: 0x000002624ce8d4a0
Event: 112.322 Thread 0x00000262485ac310 Thread exited: 0x00000262485ac310
Event: 112.511 Thread 0x000002624ce8d4a0 Thread exited: 0x000002624ce8d4a0
Event: 130.427 Thread 0x0000026248927f90 Thread added: 0x000002624dff5ba0
Event: 130.427 Thread 0x0000026248927f90 Thread added: 0x000002624dff60b0
Event: 130.427 Thread 0x0000026248927f90 Thread added: 0x000002624dff65c0
Event: 130.428 Thread 0x0000026248927f90 Thread added: 0x000002624dff6ad0
Event: 130.428 Thread 0x0000026248927f90 Thread added: 0x000002624dff7a00
Event: 130.920 Thread 0x000002627f72e8f0 Thread added: 0x000002624ce8ca00
Event: 131.385 Thread 0x000002624dff65c0 Thread exited: 0x000002624dff65c0
Event: 131.385 Thread 0x000002624dff60b0 Thread exited: 0x000002624dff60b0
Event: 131.385 Thread 0x000002624dff6ad0 Thread exited: 0x000002624dff6ad0
Event: 131.385 Thread 0x000002624dff5ba0 Thread exited: 0x000002624dff5ba0
Event: 131.385 Thread 0x000002624dff7a00 Thread exited: 0x000002624dff7a00
Event: 132.072 Thread 0x000002624ce8ca00 Thread exited: 0x000002624ce8ca00
Event: 132.273 Thread 0x000002627f7308e0 Thread added: 0x000002624ce8d9f0
Event: 132.705 Thread 0x000002624ce8d9f0 Thread exited: 0x000002624ce8d9f0
Event: 132.909 Thread 0x000002627f7308e0 Thread added: 0x000002624ce8f9d0


Dynamic libraries:
0x00007ff7579f0000 - 0x00007ff7579fe000 	C:\Users\manish.kumar_bitsing\AnypointCodeBuilder\java\jdk-17.0.13+11\bin\java.exe
0x00007ffb8d420000 - 0x00007ffb8d688000 	C:\WINDOWS\SYSTEM32\ntdll.dll
0x00007ffb8be80000 - 0x00007ffb8bf49000 	C:\WINDOWS\System32\KERNEL32.DLL
0x00007ffb8a570000 - 0x00007ffb8a968000 	C:\WINDOWS\System32\KERNELBASE.dll
0x00007ffb8aa50000 - 0x00007ffb8ab9b000 	C:\WINDOWS\System32\ucrtbase.dll
0x00007ffb5dc90000 - 0x00007ffb5dca7000 	C:\Users\manish.kumar_bitsing\AnypointCodeBuilder\java\jdk-17.0.13+11\bin\jli.dll
0x00007ffb8c9a0000 - 0x00007ffb8cb67000 	C:\WINDOWS\System32\USER32.dll
0x00007ffb8a970000 - 0x00007ffb8a997000 	C:\WINDOWS\System32\win32u.dll
0x00007ffb8c190000 - 0x00007ffb8c1bb000 	C:\WINDOWS\System32\GDI32.dll
0x00007ffb8ad20000 - 0x00007ffb8ae4c000 	C:\WINDOWS\System32\gdi32full.dll
0x00007ffb8a9a0000 - 0x00007ffb8aa43000 	C:\WINDOWS\System32\msvcp_win.dll
0x00007ffb5d7c0000 - 0x00007ffb5d7de000 	C:\Users\manish.kumar_bitsing\AnypointCodeBuilder\java\jdk-17.0.13+11\bin\VCRUNTIME140.dll
0x00007ffb76340000 - 0x00007ffb765d4000 	C:\WINDOWS\WinSxS\amd64_microsoft.windows.common-controls_6595b64144ccf1df_6.0.26100.7019_none_3e06ffa0e335b8a8\COMCTL32.dll
0x00007ffb8b740000 - 0x00007ffb8b7e9000 	C:\WINDOWS\System32\msvcrt.dll
0x00007ffb8bd90000 - 0x00007ffb8bdc1000 	C:\WINDOWS\System32\IMM32.DLL
0x00007ffb66c30000 - 0x00007ffb66d8c000 	C:\Program Files (x86)\Citrix\ICA Client\ctxapclient64.dll
0x00007ffb8b970000 - 0x00007ffb8bcfb000 	C:\WINDOWS\System32\combase.dll
0x00007ffb8b850000 - 0x00007ffb8b968000 	C:\WINDOWS\System32\RPCRT4.dll
0x00007ffb80e10000 - 0x00007ffb80e1b000 	C:\WINDOWS\SYSTEM32\VERSION.dll
0x00007ffb8a460000 - 0x00007ffb8a48a000 	C:\WINDOWS\SYSTEM32\bcrypt.dll
0x00007ffb8bdd0000 - 0x00007ffb8be76000 	C:\WINDOWS\System32\sechost.dll
0x00007ffb8b1e0000 - 0x00007ffb8b294000 	C:\WINDOWS\System32\ADVAPI32.dll
0x00007ffb89410000 - 0x00007ffb89446000 	C:\WINDOWS\SYSTEM32\ntmarta.dll
0x00007ffb8ae50000 - 0x00007ffb8aef5000 	C:\WINDOWS\System32\bcryptprimitives.dll
0x00007ffb73cf0000 - 0x00007ffb73cfc000 	C:\Users\manish.kumar_bitsing\AnypointCodeBuilder\java\jdk-17.0.13+11\bin\vcruntime140_1.dll
0x00007ffb505a0000 - 0x00007ffb5062d000 	C:\Users\manish.kumar_bitsing\AnypointCodeBuilder\java\jdk-17.0.13+11\bin\msvcp140.dll
0x00007ffae27d0000 - 0x00007ffae343b000 	C:\Users\manish.kumar_bitsing\AnypointCodeBuilder\java\jdk-17.0.13+11\bin\server\jvm.dll
0x00007ffb8bd10000 - 0x00007ffb8bd84000 	C:\WINDOWS\System32\WS2_32.dll
0x00007ffb8a3f0000 - 0x00007ffb8a44e000 	C:\WINDOWS\SYSTEM32\POWRPROF.dll
0x00007ffb760a0000 - 0x00007ffb760d5000 	C:\WINDOWS\SYSTEM32\WINMM.dll
0x00007ffb8a3d0000 - 0x00007ffb8a3e4000 	C:\WINDOWS\SYSTEM32\UMPDC.dll
0x00007ffb892f0000 - 0x00007ffb8930b000 	C:\WINDOWS\SYSTEM32\kernel.appcore.dll
0x00007ffb73960000 - 0x00007ffb7396a000 	C:\Users\manish.kumar_bitsing\AnypointCodeBuilder\java\jdk-17.0.13+11\bin\jimage.dll
0x00007ffb87d50000 - 0x00007ffb87f92000 	C:\WINDOWS\SYSTEM32\DBGHELP.DLL
0x00007ffb8c2d0000 - 0x00007ffb8c3a7000 	C:\WINDOWS\System32\OLEAUT32.dll
0x00007ffb6dee0000 - 0x00007ffb6df1c000 	C:\WINDOWS\SYSTEM32\dbgcore.DLL
0x00007ffb5a4a0000 - 0x00007ffb5a4c5000 	C:\Users\manish.kumar_bitsing\AnypointCodeBuilder\java\jdk-17.0.13+11\bin\java.dll
0x00007ffb4dec0000 - 0x00007ffb4df97000 	C:\Users\manish.kumar_bitsing\AnypointCodeBuilder\java\jdk-17.0.13+11\bin\jsvml.dll
0x0000026243400000 - 0x0000026243b4f000 	C:\WINDOWS\System32\SHELL32.dll
0x00007ffb8b050000 - 0x00007ffb8b1bb000 	C:\WINDOWS\System32\wintypes.dll
0x00007ffb88170000 - 0x00007ffb889cd000 	C:\WINDOWS\SYSTEM32\windows.storage.dll
0x00007ffb8c1d0000 - 0x00007ffb8c2c2000 	C:\WINDOWS\System32\SHCORE.dll
0x00007ffb8c0f0000 - 0x00007ffb8c157000 	C:\WINDOWS\System32\shlwapi.dll
0x00007ffb8a490000 - 0x00007ffb8a4b9000 	C:\WINDOWS\SYSTEM32\profapi.dll
0x00007ffb5d280000 - 0x00007ffb5d299000 	C:\Users\manish.kumar_bitsing\AnypointCodeBuilder\java\jdk-17.0.13+11\bin\net.dll
0x00007ffb7fe20000 - 0x00007ffb7ff48000 	C:\WINDOWS\SYSTEM32\WINHTTP.dll
0x00007ffb89840000 - 0x00007ffb898ab000 	C:\WINDOWS\system32\mswsock.dll
0x00007ffb5c9e0000 - 0x00007ffb5c9f6000 	C:\Users\manish.kumar_bitsing\AnypointCodeBuilder\java\jdk-17.0.13+11\bin\nio.dll
0x00007ffb5c4f0000 - 0x00007ffb5c508000 	C:\Users\manish.kumar_bitsing\AnypointCodeBuilder\java\jdk-17.0.13+11\bin\zip.dll
0x00007ffb80a70000 - 0x00007ffb80a80000 	C:\Users\manish.kumar_bitsing\AnypointCodeBuilder\java\jdk-17.0.13+11\bin\verify.dll
0x00007ffb5da60000 - 0x00007ffb5da69000 	C:\Users\manish.kumar_bitsing\AnypointCodeBuilder\java\jdk-17.0.13+11\bin\extnet.dll
0x00007ffb730a0000 - 0x00007ffb730b8000 	C:\WINDOWS\system32\napinsp.dll
0x00007ffb88d70000 - 0x00007ffb88e9c000 	C:\WINDOWS\SYSTEM32\DNSAPI.dll
0x00007ffb88ce0000 - 0x00007ffb88d14000 	C:\WINDOWS\SYSTEM32\IPHLPAPI.DLL
0x00007ffb8c800000 - 0x00007ffb8c80a000 	C:\WINDOWS\System32\NSI.dll
0x00007ffb68f60000 - 0x00007ffb68f72000 	C:\WINDOWS\System32\winrnr.dll
0x00007ffb67680000 - 0x00007ffb676a2000 	C:\WINDOWS\system32\nlansp_c.dll
0x00007ffb67660000 - 0x00007ffb67676000 	C:\WINDOWS\system32\wshbth.dll
0x00007ffb789a0000 - 0x00007ffb789ab000 	C:\Windows\System32\rasadhlp.dll
0x00007ffb7d9a0000 - 0x00007ffb7da26000 	C:\WINDOWS\System32\fwpuclnt.dll
0x00007ffb89c30000 - 0x00007ffb89c4b000 	C:\WINDOWS\SYSTEM32\CRYPTSP.dll
0x00007ffb89250000 - 0x00007ffb8928a000 	C:\WINDOWS\system32\rsaenh.dll
0x00007ffb898f0000 - 0x00007ffb8991b000 	C:\WINDOWS\SYSTEM32\USERENV.dll
0x00007ffb89a90000 - 0x00007ffb89a9c000 	C:\WINDOWS\SYSTEM32\CRYPTBASE.dll
0x00007ffb80240000 - 0x00007ffb8025e000 	C:\WINDOWS\SYSTEM32\dhcpcsvc6.DLL
0x00007ffb7f8d0000 - 0x00007ffb7f8f3000 	C:\WINDOWS\SYSTEM32\dhcpcsvc.DLL
0x00007ffb73100000 - 0x00007ffb7310e000 	C:\Users\manish.kumar_bitsing\AnypointCodeBuilder\java\jdk-17.0.13+11\bin\sunmscapi.dll
0x000002624d710000 - 0x000002624d887000 	C:\WINDOWS\System32\CRYPT32.dll
0x00007ffb89d80000 - 0x00007ffb89db0000 	C:\WINDOWS\SYSTEM32\ncrypt.dll
0x00007ffb89d30000 - 0x00007ffb89d6f000 	C:\WINDOWS\SYSTEM32\NTASN1.dll
0x00007ffb56030000 - 0x00007ffb56038000 	C:\WINDOWS\system32\wshunix.dll
0x00007ffb709b0000 - 0x00007ffb709ba000 	C:\Users\manish.kumar_bitsing\AnypointCodeBuilder\java\jdk-17.0.13+11\bin\management.dll
0x00007ffb70690000 - 0x00007ffb7069b000 	C:\Users\manish.kumar_bitsing\AnypointCodeBuilder\java\jdk-17.0.13+11\bin\management_ext.dll
0x00007ffb8b730000 - 0x00007ffb8b738000 	C:\WINDOWS\System32\PSAPI.DLL

dbghelp: loaded successfully - version: 4.0.5 - missing functions: none
symbol engine: initialized successfully - sym options: 0x614 - pdb path: .;C:\Users\manish.kumar_bitsing\AnypointCodeBuilder\java\jdk-17.0.13+11\bin;C:\WINDOWS\SYSTEM32;C:\WINDOWS\WinSxS\amd64_microsoft.windows.common-controls_6595b64144ccf1df_6.0.26100.7019_none_3e06ffa0e335b8a8;C:\Program Files (x86)\Citrix\ICA Client;C:\Users\manish.kumar_bitsing\AnypointCodeBuilder\java\jdk-17.0.13+11\bin\server

VM Arguments:
jvm_args: --add-opens=java.base/java.lang=ALL-UNNAMED --add-opens=java.base/java.lang.ref=ALL-UNNAMED --add-opens=java.base/java.lang.reflect=ALL-UNNAMED --add-opens=java.base/java.lang.invoke=ALL-UNNAMED --add-opens=java.xml/javax.xml.namespace=ALL-UNNAMED 
java_command: C:\Users\manish.kumar_bitsing\AnypointCodeBuilder\.flow-design-module\mule-dx-flow-design-service-impl.jar -port 60184 --mavenSettingsFile C:\Users\manish.kumar_bitsing\AnypointCodeBuilder\.tmp\acb_settings-20160-tmp.xml --mavenRepoLocation C:\Users\manish.kumar_bitsing\.m2\repository --workingDirectory C:\Users\manish.kumar_bitsing\AnypointCodeBuilder\.mulefwk-workspace
java_class_path (initial): C:\Users\manish.kumar_bitsing\AnypointCodeBuilder\.flow-design-module\mule-dx-flow-design-service-impl.jar
Launcher Type: SUN_STANDARD

[Global flags]
     intx CICompilerCount                          = 4                                         {product} {ergonomic}
     uint ConcGCThreads                            = 2                                         {product} {ergonomic}
     uint G1ConcRefinementThreads                  = 8                                         {product} {ergonomic}
   size_t G1HeapRegionSize                         = 2097152                                   {product} {ergonomic}
    uintx GCDrainStackTargetSize                   = 64                                        {product} {ergonomic}
   size_t InitialHeapSize                          = 268435456                                 {product} {ergonomic}
   size_t MarkStackSize                            = 4194304                                   {product} {ergonomic}
   size_t MaxHeapSize                              = 4263510016                                {product} {ergonomic}
   size_t MaxNewSize                               = 2556428288                                {product} {ergonomic}
   size_t MinHeapDeltaBytes                        = 2097152                                   {product} {ergonomic}
   size_t MinHeapSize                              = 8388608                                   {product} {ergonomic}
    uintx NonNMethodCodeHeapSize                   = 5839372                                {pd product} {ergonomic}
    uintx NonProfiledCodeHeapSize                  = 122909434                              {pd product} {ergonomic}
    uintx ProfiledCodeHeapSize                     = 122909434                              {pd product} {ergonomic}
    uintx ReservedCodeCacheSize                    = 251658240                              {pd product} {ergonomic}
     bool SegmentedCodeCache                       = true                                      {product} {ergonomic}
   size_t SoftMaxHeapSize                          = 4263510016                             {manageable} {ergonomic}
     bool UseCompressedClassPointers               = true                           {product lp64_product} {ergonomic}
     bool UseCompressedOops                        = true                           {product lp64_product} {ergonomic}
     bool UseG1GC                                  = true                                      {product} {ergonomic}
     bool UseLargePagesIndividualAllocation        = false                                  {pd product} {ergonomic}

Logging:
Log output configuration:
 #0: stdout all=warning uptime,level,tags
 #1: stderr all=off uptime,level,tags

Environment Variables:
JAVA_HOME=C:\Program Files\Java\jdk-17
PATH=C:\Program Files\Python311\Scripts\;C:\Program Files\Python311\;C:\Program Files\Common Files\Oracle\Java\javapath;C:\WINDOWS\system32;C:\WINDOWS;C:\WINDOWS\System32\Wbem;C:\WINDOWS\System32\WindowsPowerShell\v1.0\;C:\WINDOWS\System32\OpenSSH\;C:\Program Files\Java\jdk-17\bin;C:\Program Files\Maven\apache-maven-3.8.6\bin;C:\Program Files\Docker\Docker\resources\bin;C:\Program Files\nodejs\;C:\Users\manish.kumar_bitsing\AppData\Local\Microsoft\WindowsApps;C:\Users\manish.kumar_bitsing\AppData\Local\Programs\Microsoft VS Code\bin;C:\Users\manish.kumar_bitsing\AppData\Local\Programs\Git\cmd;C:\Program Files\liquibase;C:\Users\manish.kumar_bitsing\AppData\Roaming\npm;
USERNAME=manish.kumar_bitsing
OS=Windows_NT
PROCESSOR_IDENTIFIER=Intel64 Family 6 Model 142 Stepping 10, GenuineIntel
TMP=C:\Users\MANISH~1.KUM\AppData\Local\Temp
TEMP=C:\Users\MANISH~1.KUM\AppData\Local\Temp



Periodic native trim disabled


---------------  S Y S T E M  ---------------

OS:
 Windows 11 , 64 bit Build 26100 (10.0.26100.7019)
OS uptime: 15 days 23:24 hours
Hyper-V role detected

CPU: total 8 (initial active 8) (4 cores per cpu, 2 threads per core) family 6 model 142 stepping 10 microcode 0xf4, cx8, cmov, fxsr, ht, mmx, 3dnowpref, sse, sse2, sse3, ssse3, sse4.1, sse4.2, popcnt, lzcnt, tsc, tscinvbit, avx, avx2, aes, erms, clmul, bmi1, bmi2, rtm, adx, fma, vzeroupper, clflush, clflushopt, hv
Processor Information for all 8 processors :
  Max Mhz: 1896, Current Mhz: 1696, Mhz Limit: 1687

Memory: 4k page, system-wide physical 16262M (2918M free)
TotalPageFile size 23810M (AvailPageFile size 293M)
current process WorkingSet (physical memory assigned to process): 619M, peak: 637M
current process commit charge ("private bytes"): 665M, peak: 1305M

vm_info: OpenJDK 64-Bit Server VM (17.0.13+11) for windows-amd64 JRE (17.0.13+11), built on Oct 16 2024 00:10:08 by "admin" with MS VC++ 17.7 (VS2022)

END.
