#
# There is insufficient memory for the Java Runtime Environment to continue.
# Native memory allocation (mmap) failed to map 742391808 bytes. Error detail: G1 virtual space
# Possible reasons:
#   The system is out of physical RAM or swap space
#   This process is running with CompressedOops enabled, and the Java Heap may be blocking the growth of the native heap
# Possible solutions:
#   Reduce memory load on the system
#   Increase physical memory or swap space
#   Check if swap backing store is full
#   Decrease Java heap size (-Xmx/-Xms)
#   Decrease number of Java threads
#   Decrease Java thread stack sizes (-Xss)
#   Set larger code cache with -XX:ReservedCodeCacheSize=
#   JVM is running with Zero Based Compressed Oops mode in which the Java heap is
#     placed in the first 32GB address space. The Java Heap base address is the
#     maximum limit for the native heap growth. Please use -XX:HeapBaseMinAddress
#     to set the Java Heap base and to place the Java Heap above 32GB virtual address.
# This output file may be truncated or incomplete.
#
#  Out of Memory Error (os_windows.cpp:3614), pid=22448, tid=21768
#
# JRE version: OpenJDK Runtime Environment Temurin-17.0.13+11 (17.0.13+11) (build 17.0.13+11)
# Java VM: OpenJDK 64-Bit Server VM Temurin-17.0.13+11 (17.0.13+11, mixed mode, sharing, tiered, compressed oops, compressed class ptrs, g1 gc, windows-amd64)
# No core dump will be written. Minidumps are not enabled by default on client versions of Windows
#

---------------  S U M M A R Y ------------

Command Line: --add-opens=java.base/java.lang=ALL-UNNAMED --add-opens=java.base/java.lang.ref=ALL-UNNAMED --add-opens=java.base/java.lang.reflect=ALL-UNNAMED --add-opens=java.base/java.lang.invoke=ALL-UNNAMED --add-opens=java.xml/javax.xml.namespace=ALL-UNNAMED C:\Users\manish.kumar_bitsing\AnypointCodeBuilder\.flow-design-module\mule-dx-flow-design-service-impl.jar -port 50834 --mavenSettingsFile C:\Users\manish.kumar_bitsing\AnypointCodeBuilder\.tmp\acb_settings-10720-tmp.xml --mavenRepoLocation C:\Users\manish.kumar_bitsing\.m2\repository --workingDirectory C:\Users\manish.kumar_bitsing\AnypointCodeBuilder\.mulefwk-workspace

Host: Intel(R) Core(TM) i5-8350U CPU @ 1.70GHz, 8 cores, 15G,  Windows 11 , 64 bit Build 26100 (10.0.26100.7019)
Time: Thu Nov 27 17:42:19 2025 India Standard Time elapsed time: 5534.295480 seconds (0d 1h 32m 14s)

---------------  T H R E A D  ---------------

Current thread (0x00000189ac0a4e30):  VMThread "VM Thread" [stack: 0x000000534d100000,0x000000534d200000] [id=21768]

Stack: [0x000000534d100000,0x000000534d200000]
Native frames: (J=compiled Java code, j=interpreted, Vv=VM code, C=native code)
V  [jvm.dll+0x682a19]
V  [jvm.dll+0x839538]
V  [jvm.dll+0x83afe3]
V  [jvm.dll+0x83b653]
V  [jvm.dll+0x24704f]
V  [jvm.dll+0x67f809]
V  [jvm.dll+0x6746fa]
V  [jvm.dll+0x304a96]
V  [jvm.dll+0x30bf56]
V  [jvm.dll+0x35da5e]
V  [jvm.dll+0x35dc9d]
V  [jvm.dll+0x2dbe5c]
V  [jvm.dll+0x2da1ff]
V  [jvm.dll+0x2d996c]
V  [jvm.dll+0x31d14b]
V  [jvm.dll+0x83fe8d]
V  [jvm.dll+0x840bc3]
V  [jvm.dll+0x8410ef]
V  [jvm.dll+0x8414d4]
V  [jvm.dll+0x84159e]
V  [jvm.dll+0x7e8ffc]
V  [jvm.dll+0x6818f7]
C  [ucrtbase.dll+0x37b0]
C  [KERNEL32.DLL+0x2e8d7]
C  [ntdll.dll+0x8c53c]

VM_Operation (0x000000534dffd0a0): G1CollectForAllocation, mode: safepoint, requested by thread 0x00000189f2e82040


---------------  P R O C E S S  ---------------

Threads class SMR info:
_java_thread_list=0x00000189f5639b00, length=26, elements={
0x0000018989684250, 0x00000189ac0aaf40, 0x00000189ac0ac760, 0x00000189ac0ccb50,
0x00000189ac0ce170, 0x00000189ac0cf7b0, 0x00000189ac0d2090, 0x00000189ac0d2c90,
0x00000189ac0d5040, 0x00000189ac0e18f0, 0x00000189ac7ea3d0, 0x00000189ac7ecae0,
0x00000189f2e82040, 0x00000189f4bcad30, 0x00000189f4bc7580, 0x00000189f4bca310,
0x00000189f4bc84b0, 0x00000189f4bc9e00, 0x00000189f4bcb240, 0x00000189f4bc89c0,
0x00000189f4bc7a90, 0x00000189f6c457e0, 0x00000189f6c47640, 0x00000189f6c48060,
0x00000189f6c452d0, 0x00000189f4f000d0
}

Java Threads: ( => current thread )
  0x0000018989684250 JavaThread "main" [_thread_blocked, id=22512, stack(0x000000534ca00000,0x000000534cb00000)]
  0x00000189ac0aaf40 JavaThread "Reference Handler" daemon [_thread_blocked, id=17144, stack(0x000000534d200000,0x000000534d300000)]
  0x00000189ac0ac760 JavaThread "Finalizer" daemon [_thread_blocked, id=12624, stack(0x000000534d300000,0x000000534d400000)]
  0x00000189ac0ccb50 JavaThread "Signal Dispatcher" daemon [_thread_blocked, id=7268, stack(0x000000534d400000,0x000000534d500000)]
  0x00000189ac0ce170 JavaThread "Attach Listener" daemon [_thread_blocked, id=20004, stack(0x000000534d500000,0x000000534d600000)]
  0x00000189ac0cf7b0 JavaThread "Service Thread" daemon [_thread_blocked, id=12560, stack(0x000000534d600000,0x000000534d700000)]
  0x00000189ac0d2090 JavaThread "Monitor Deflation Thread" daemon [_thread_blocked, id=17936, stack(0x000000534d700000,0x000000534d800000)]
  0x00000189ac0d2c90 JavaThread "C2 CompilerThread0" daemon [_thread_blocked, id=18868, stack(0x000000534d800000,0x000000534d900000)]
  0x00000189ac0d5040 JavaThread "C1 CompilerThread0" daemon [_thread_blocked, id=20368, stack(0x000000534d900000,0x000000534da00000)]
  0x00000189ac0e18f0 JavaThread "Sweeper thread" daemon [_thread_blocked, id=7012, stack(0x000000534da00000,0x000000534db00000)]
  0x00000189ac7ea3d0 JavaThread "Common-Cleaner" daemon [_thread_blocked, id=16740, stack(0x000000534db00000,0x000000534dc00000)]
  0x00000189ac7ecae0 JavaThread "Notification Thread" daemon [_thread_blocked, id=11476, stack(0x000000534dc00000,0x000000534dd00000)]
  0x00000189f2e82040 JavaThread "pool-1-thread-1" [_thread_blocked, id=14584, stack(0x000000534df00000,0x000000534e000000)]
  0x00000189f4bcad30 JavaThread "DietToolingScheduler.01" [_thread_blocked, id=2852, stack(0x000000534ed00000,0x000000534ee00000)]
  0x00000189f4bc7580 JavaThread "DietToolingScheduler.02" [_thread_blocked, id=24624, stack(0x000000534ef00000,0x000000534f000000)]
  0x00000189f4bca310 JavaThread "DietToolingScheduler.03" [_thread_blocked, id=20248, stack(0x000000534ec00000,0x000000534ed00000)]
  0x00000189f4bc84b0 JavaThread "DietToolingScheduler.04" [_thread_blocked, id=3060, stack(0x000000534f000000,0x000000534f100000)]
  0x00000189f4bc9e00 JavaThread "DietToolingScheduler.05" [_thread_blocked, id=19368, stack(0x000000534de00000,0x000000534df00000)]
  0x00000189f4bcb240 JavaThread "DietToolingScheduler.06" [_thread_blocked, id=20828, stack(0x000000534e800000,0x000000534e900000)]
  0x00000189f4bc89c0 JavaThread "DietToolingScheduler.07" [_thread_blocked, id=22792, stack(0x000000534e900000,0x000000534ea00000)]
  0x00000189f4bc7a90 JavaThread "DietToolingScheduler.08" [_thread_blocked, id=23728, stack(0x000000534ea00000,0x000000534eb00000)]
  0x00000189f6c457e0 JavaThread "ForkJoinPool.commonPool-worker-31" daemon [_thread_blocked, id=24104, stack(0x000000534ee00000,0x000000534ef00000)]
  0x00000189f6c47640 JavaThread "ForkJoinPool.commonPool-worker-32" daemon [_thread_blocked, id=17688, stack(0x000000534f100000,0x000000534f200000)]
  0x00000189f6c48060 JavaThread "ForkJoinPool.commonPool-worker-33" daemon [_thread_blocked, id=13044, stack(0x000000534f200000,0x000000534f300000)]
  0x00000189f6c452d0 JavaThread "ForkJoinPool.commonPool-worker-34" daemon [_thread_blocked, id=17368, stack(0x000000534f300000,0x000000534f400000)]
  0x00000189f4f000d0 JavaThread "C2 CompilerThread1" daemon [_thread_blocked, id=12420, stack(0x000000534f400000,0x000000534f500000)]

Other Threads:
=>0x00000189ac0a4e30 VMThread "VM Thread" [stack: 0x000000534d100000,0x000000534d200000] [id=21768]
  0x00000189ac7eefd0 WatcherThread [stack: 0x000000534dd00000,0x000000534de00000] [id=2788]
  0x00000189896f1660 GCTaskThread "GC Thread#0" [stack: 0x000000534cc00000,0x000000534cd00000] [id=27580]
  0x00000189f39b8e40 GCTaskThread "GC Thread#1" [stack: 0x000000534e000000,0x000000534e100000] [id=2144]
  0x00000189f39b9100 GCTaskThread "GC Thread#2" [stack: 0x000000534e100000,0x000000534e200000] [id=21048]
  0x00000189f39b93c0 GCTaskThread "GC Thread#3" [stack: 0x000000534e200000,0x000000534e300000] [id=18808]
  0x00000189f336f0e0 GCTaskThread "GC Thread#4" [stack: 0x000000534e300000,0x000000534e400000] [id=23388]
  0x00000189f336f3a0 GCTaskThread "GC Thread#5" [stack: 0x000000534e400000,0x000000534e500000] [id=27460]
  0x00000189f3017690 GCTaskThread "GC Thread#6" [stack: 0x000000534e500000,0x000000534e600000] [id=7848]
  0x00000189f28dfa90 GCTaskThread "GC Thread#7" [stack: 0x000000534e600000,0x000000534e700000] [id=16312]
  0x00000189897022d0 ConcurrentGCThread "G1 Main Marker" [stack: 0x000000534cd00000,0x000000534ce00000] [id=21728]
  0x0000018989702c00 ConcurrentGCThread "G1 Conc#0" [stack: 0x000000534ce00000,0x000000534cf00000] [id=14244]
  0x00000189f4b08980 ConcurrentGCThread "G1 Conc#1" [stack: 0x000000534eb00000,0x000000534ec00000] [id=27248]
  0x00000189abfd9260 ConcurrentGCThread "G1 Refine#0" [stack: 0x000000534cf00000,0x000000534d000000] [id=16932]
  0x00000189f365f630 ConcurrentGCThread "G1 Refine#1" [stack: 0x000000534e700000,0x000000534e800000] [id=3656]
  0x00000189abfd9ba0 ConcurrentGCThread "G1 Service" [stack: 0x000000534d000000,0x000000534d100000] [id=16016]

Threads with active compile tasks:
C2 CompilerThread0  5534485 37063       4       java.beans.Introspector::getTargetMethodInfo (250 bytes)
C2 CompilerThread1  5534485 37078       4       org.mule.runtime.module.extension.internal.util.IntrospectionUtils$3::visitObject (136 bytes)

VM state: at safepoint (normal execution)

VM Mutex/Monitor currently owned by a thread:  ([mutex/lock_event])
[0x00000189871fe3f0] Threads_lock - owner thread: 0x00000189ac0a4e30
[0x0000018989682630] Heap_lock - owner thread: 0x00000189f2e82040

Heap address: 0x0000000701e00000, size: 4066 MB, Compressed Oops mode: Zero based, Oop shift amount: 3

CDS archive(s) mapped at: [0x00000189ad000000-0x00000189adbb0000-0x00000189adbb0000), size 12255232, SharedBaseAddress: 0x00000189ad000000, ArchiveRelocationMode: 1.
Compressed class space mapped at: 0x00000189ae000000-0x00000189ee000000, reserved size: 1073741824
Narrow klass base: 0x00000189ad000000, Narrow klass shift: 0, Narrow klass range: 0x100000000

GC Precious Log:
 CPUs: 8 total, 8 available
 Memory: 16262M
 Large Page Support: Disabled
 NUMA Support: Disabled
 Compressed Oops: Enabled (Zero based)
 Heap Region Size: 2M
 Heap Min Capacity: 8M
 Heap Initial Capacity: 256M
 Heap Max Capacity: 4066M
 Pre-touch: Disabled
 Parallel Workers: 8
 Concurrent Workers: 2
 Concurrent Refinement Workers: 8
 Periodic GC: Disabled

Heap:
 garbage-first heap   total 362496K, used 146348K [0x0000000701e00000, 0x0000000800000000)
  region size 2048K, 3 young (6144K), 3 survivors (6144K)
 Metaspace       used 125849K, committed 127744K, reserved 1179648K
  class space    used 17659K, committed 18560K, reserved 1048576K

Heap Regions: E=young(eden), S=young(survivor), O=old, HS=humongous(starts), HC=humongous(continues), CS=collection set, F=free, OA=open archive, CA=closed archive, TAMS=top-at-mark-start (previous, next)
|   0|0x0000000701e00000, 0x0000000702000000, 0x0000000702000000|100%| O|  |TAMS 0x0000000702000000, 0x0000000701e00000| Untracked 
|   1|0x0000000702000000, 0x00000007021ffff8, 0x0000000702200000| 99%| O|  |TAMS 0x00000007021ffff8, 0x0000000702000000| Untracked 
|   2|0x0000000702200000, 0x0000000702400000, 0x0000000702400000|100%|HS|  |TAMS 0x0000000702400000, 0x0000000702200000| Untracked 
|   3|0x0000000702400000, 0x0000000702600000, 0x0000000702600000|100%|HS|  |TAMS 0x0000000702600000, 0x0000000702400000| Untracked 
|   4|0x0000000702600000, 0x0000000702800000, 0x0000000702800000|100%| O|  |TAMS 0x0000000702800000, 0x0000000702600000| Untracked 
|   5|0x0000000702800000, 0x00000007029ffff8, 0x0000000702a00000| 99%| O|  |TAMS 0x00000007029ffff8, 0x0000000702800000| Untracked 
|   6|0x0000000702a00000, 0x0000000702c00000, 0x0000000702c00000|100%| O|  |TAMS 0x0000000702c00000, 0x0000000702a00000| Untracked 
|   7|0x0000000702c00000, 0x0000000702e00000, 0x0000000702e00000|100%| O|  |TAMS 0x0000000702e00000, 0x0000000702c00000| Untracked 
|   8|0x0000000702e00000, 0x0000000702ffffd8, 0x0000000703000000| 99%| O|  |TAMS 0x0000000702ffffd8, 0x0000000702e00000| Untracked 
|   9|0x0000000703000000, 0x00000007031fc1b8, 0x0000000703200000| 99%| O|  |TAMS 0x00000007031fc1b8, 0x0000000703000000| Untracked 
|  10|0x0000000703200000, 0x0000000703400000, 0x0000000703400000|100%| O|  |TAMS 0x0000000703400000, 0x0000000703200000| Untracked 
|  11|0x0000000703400000, 0x00000007035ff6e0, 0x0000000703600000| 99%| O|  |TAMS 0x00000007035ff6e0, 0x0000000703400000| Untracked 
|  12|0x0000000703600000, 0x00000007037fffe0, 0x0000000703800000| 99%| O|  |TAMS 0x00000007037fffe0, 0x0000000703600000| Untracked 
|  13|0x0000000703800000, 0x0000000703a00000, 0x0000000703a00000|100%| O|  |TAMS 0x0000000703a00000, 0x0000000703800000| Untracked 
|  14|0x0000000703a00000, 0x0000000703bfffe8, 0x0000000703c00000| 99%| O|  |TAMS 0x0000000703bfffe8, 0x0000000703a00000| Untracked 
|  15|0x0000000703c00000, 0x0000000703e00000, 0x0000000703e00000|100%| O|  |TAMS 0x0000000703e00000, 0x0000000703c00000| Untracked 
|  16|0x0000000703e00000, 0x0000000703fffff0, 0x0000000704000000| 99%| O|  |TAMS 0x0000000703fffff0, 0x0000000703e00000| Untracked 
|  17|0x0000000704000000, 0x00000007041fffe8, 0x0000000704200000| 99%| O|  |TAMS 0x00000007041fffe8, 0x0000000704000000| Untracked 
|  18|0x0000000704200000, 0x00000007043fffe8, 0x0000000704400000| 99%| O|  |TAMS 0x00000007043fffe8, 0x0000000704200000| Untracked 
|  19|0x0000000704400000, 0x0000000704600000, 0x0000000704600000|100%| O|  |TAMS 0x0000000704600000, 0x0000000704400000| Untracked 
|  20|0x0000000704600000, 0x00000007047ffff0, 0x0000000704800000| 99%| O|  |TAMS 0x0000000704600000, 0x0000000704600000| Untracked 
|  21|0x0000000704800000, 0x0000000704a00000, 0x0000000704a00000|100%| O|  |TAMS 0x0000000704a00000, 0x0000000704800000| Untracked 
|  22|0x0000000704a00000, 0x0000000704bfffd8, 0x0000000704c00000| 99%| O|  |TAMS 0x0000000704bfffd8, 0x0000000704a00000| Untracked 
|  23|0x0000000704c00000, 0x0000000704e00000, 0x0000000704e00000|100%| O|  |TAMS 0x0000000704e00000, 0x0000000704c00000| Untracked 
|  24|0x0000000704e00000, 0x0000000704ffffe8, 0x0000000705000000| 99%| O|  |TAMS 0x0000000704ffffe8, 0x0000000704e00000| Untracked 
|  25|0x0000000705000000, 0x00000007051ffff0, 0x0000000705200000| 99%| O|  |TAMS 0x00000007051ffff0, 0x0000000705000000| Untracked 
|  26|0x0000000705200000, 0x0000000705400000, 0x0000000705400000|100%| O|  |TAMS 0x0000000705200000, 0x0000000705200000| Untracked 
|  27|0x0000000705400000, 0x00000007055fe620, 0x0000000705600000| 99%| O|  |TAMS 0x00000007055fe620, 0x0000000705400000| Untracked 
|  28|0x0000000705600000, 0x00000007057fff98, 0x0000000705800000| 99%| O|  |TAMS 0x00000007057fff98, 0x0000000705600000| Untracked 
|  29|0x0000000705800000, 0x0000000705a00000, 0x0000000705a00000|100%| O|  |TAMS 0x0000000705800000, 0x0000000705800000| Untracked 
|  30|0x0000000705a00000, 0x0000000705bffff8, 0x0000000705c00000| 99%| O|  |TAMS 0x0000000705a00000, 0x0000000705a00000| Untracked 
|  31|0x0000000705c00000, 0x0000000705dfffd0, 0x0000000705e00000| 99%| O|  |TAMS 0x0000000705dfffd0, 0x0000000705c00000| Untracked 
|  32|0x0000000705e00000, 0x0000000706000000, 0x0000000706000000|100%| O|  |TAMS 0x0000000706000000, 0x0000000705e00000| Untracked 
|  33|0x0000000706000000, 0x00000007061ffff8, 0x0000000706200000| 99%| O|  |TAMS 0x00000007061ffff8, 0x0000000706000000| Untracked 
|  34|0x0000000706200000, 0x0000000706400000, 0x0000000706400000|100%| O|  |TAMS 0x0000000706400000, 0x0000000706200000| Untracked 
|  35|0x0000000706400000, 0x00000007065ffff0, 0x0000000706600000| 99%| O|  |TAMS 0x00000007065ffff0, 0x0000000706400000| Untracked 
|  36|0x0000000706600000, 0x00000007067f5f18, 0x0000000706800000| 98%| O|  |TAMS 0x00000007067f5f18, 0x0000000706600000| Untracked 
|  37|0x0000000706800000, 0x00000007069ffff8, 0x0000000706a00000| 99%| O|  |TAMS 0x00000007069ffff8, 0x0000000706800000| Untracked 
|  38|0x0000000706a00000, 0x0000000706bfb398, 0x0000000706c00000| 99%| O|  |TAMS 0x0000000706bfb398, 0x0000000706a00000| Untracked 
|  39|0x0000000706c00000, 0x0000000706dffff0, 0x0000000706e00000| 99%| O|  |TAMS 0x0000000706dffff0, 0x0000000706c00000| Untracked 
|  40|0x0000000706e00000, 0x0000000706ffffb0, 0x0000000707000000| 99%| O|  |TAMS 0x0000000706ffffb0, 0x0000000706e00000| Untracked 
|  41|0x0000000707000000, 0x0000000707200000, 0x0000000707200000|100%| O|  |TAMS 0x0000000707200000, 0x0000000707000000| Untracked 
|  42|0x0000000707200000, 0x00000007073ffff8, 0x0000000707400000| 99%| O|  |TAMS 0x00000007073ffff8, 0x0000000707200000| Untracked 
|  43|0x0000000707400000, 0x00000007075ffff8, 0x0000000707600000| 99%| O|  |TAMS 0x00000007075ffff8, 0x0000000707400000| Untracked 
|  44|0x0000000707600000, 0x00000007077fffc0, 0x0000000707800000| 99%| O|  |TAMS 0x00000007077fffc0, 0x0000000707600000| Untracked 
|  45|0x0000000707800000, 0x0000000707a00000, 0x0000000707a00000|100%| O|  |TAMS 0x0000000707a00000, 0x0000000707800000| Untracked 
|  46|0x0000000707a00000, 0x0000000707bfffc8, 0x0000000707c00000| 99%| O|  |TAMS 0x0000000707bfffc8, 0x0000000707a00000| Untracked 
|  47|0x0000000707c00000, 0x0000000707e00000, 0x0000000707e00000|100%| O|  |TAMS 0x0000000707e00000, 0x0000000707c00000| Untracked 
|  48|0x0000000707e00000, 0x0000000707ffe860, 0x0000000708000000| 99%| O|  |TAMS 0x0000000707ffe860, 0x0000000707e00000| Untracked 
|  49|0x0000000708000000, 0x00000007081fffd0, 0x0000000708200000| 99%| O|  |TAMS 0x00000007081fffd0, 0x0000000708000000| Untracked 
|  50|0x0000000708200000, 0x00000007083fffe8, 0x0000000708400000| 99%| O|  |TAMS 0x00000007083fffe8, 0x0000000708200000| Untracked 
|  51|0x0000000708400000, 0x00000007085fffd8, 0x0000000708600000| 99%| O|  |TAMS 0x00000007085fffd8, 0x0000000708400000| Untracked 
|  52|0x0000000708600000, 0x00000007087fff20, 0x0000000708800000| 99%| O|  |TAMS 0x00000007087fff20, 0x0000000708600000| Untracked 
|  53|0x0000000708800000, 0x00000007089fffa8, 0x0000000708a00000| 99%| O|  |TAMS 0x00000007089fffa8, 0x0000000708800000| Untracked 
|  54|0x0000000708a00000, 0x0000000708bfffe8, 0x0000000708c00000| 99%| O|  |TAMS 0x0000000708a00000, 0x0000000708a00000| Untracked 
|  55|0x0000000708c00000, 0x0000000708dfffe8, 0x0000000708e00000| 99%| O|  |TAMS 0x0000000708c00000, 0x0000000708c00000| Untracked 
|  56|0x0000000708e00000, 0x0000000709000000, 0x0000000709000000|100%| O|  |TAMS 0x0000000708e00000, 0x0000000708e00000| Untracked 
|  57|0x0000000709000000, 0x00000007091ffff8, 0x0000000709200000| 99%| O|  |TAMS 0x00000007091ffff8, 0x0000000709000000| Untracked 
|  58|0x0000000709200000, 0x000000070935a068, 0x0000000709400000| 67%| O|  |TAMS 0x0000000709200000, 0x0000000709200000| Untracked 
|  59|0x0000000709400000, 0x00000007095fffd0, 0x0000000709600000| 99%| O|  |TAMS 0x0000000709400000, 0x0000000709400000| Untracked 
|  60|0x0000000709600000, 0x00000007097a2668, 0x0000000709800000| 81%| O|  |TAMS 0x0000000709600000, 0x0000000709600000| Untracked 
|  61|0x0000000709800000, 0x0000000709800000, 0x0000000709a00000|  0%| F|  |TAMS 0x0000000709800000, 0x0000000709800000| Untracked 
|  62|0x0000000709a00000, 0x0000000709c00000, 0x0000000709c00000|100%| O|  |TAMS 0x0000000709c00000, 0x0000000709a00000| Untracked 
|  63|0x0000000709c00000, 0x0000000709c00000, 0x0000000709e00000|  0%| F|  |TAMS 0x0000000709c00000, 0x0000000709c00000| Untracked 
|  64|0x0000000709e00000, 0x0000000709fffff8, 0x000000070a000000| 99%| O|  |TAMS 0x0000000709fffff8, 0x0000000709e00000| Untracked 
|  65|0x000000070a000000, 0x000000070a000000, 0x000000070a200000|  0%| F|  |TAMS 0x000000070a000000, 0x000000070a000000| Untracked 
|  66|0x000000070a200000, 0x000000070a200000, 0x000000070a400000|  0%| F|  |TAMS 0x000000070a200000, 0x000000070a200000| Untracked 
|  67|0x000000070a400000, 0x000000070a400000, 0x000000070a600000|  0%| F|  |TAMS 0x000000070a400000, 0x000000070a400000| Untracked 
|  68|0x000000070a600000, 0x000000070a600000, 0x000000070a800000|  0%| F|  |TAMS 0x000000070a600000, 0x000000070a600000| Untracked 
|  69|0x000000070a800000, 0x000000070a800000, 0x000000070aa00000|  0%| F|  |TAMS 0x000000070a800000, 0x000000070a800000| Untracked 
|  70|0x000000070aa00000, 0x000000070aa00000, 0x000000070ac00000|  0%| F|  |TAMS 0x000000070aa00000, 0x000000070aa00000| Untracked 
|  71|0x000000070ac00000, 0x000000070ac71ce0, 0x000000070ae00000| 22%| O|  |TAMS 0x000000070ac00000, 0x000000070ac00000| Untracked 
|  72|0x000000070ae00000, 0x000000070afffff0, 0x000000070b000000| 99%| O|  |TAMS 0x000000070afffff0, 0x000000070ae00000| Untracked 
|  73|0x000000070b000000, 0x000000070b000000, 0x000000070b200000|  0%| F|  |TAMS 0x000000070b000000, 0x000000070b000000| Untracked 
|  74|0x000000070b200000, 0x000000070b200000, 0x000000070b400000|  0%| F|  |TAMS 0x000000070b200000, 0x000000070b200000| Untracked 
|  75|0x000000070b400000, 0x000000070b400000, 0x000000070b600000|  0%| F|  |TAMS 0x000000070b400000, 0x000000070b400000| Untracked 
|  76|0x000000070b600000, 0x000000070b600000, 0x000000070b800000|  0%| F|  |TAMS 0x000000070b600000, 0x000000070b600000| Untracked 
|  77|0x000000070b800000, 0x000000070b800000, 0x000000070ba00000|  0%| F|  |TAMS 0x000000070b800000, 0x000000070b800000| Untracked 
|  78|0x000000070ba00000, 0x000000070ba00000, 0x000000070bc00000|  0%| F|  |TAMS 0x000000070ba00000, 0x000000070ba00000| Untracked 
|  79|0x000000070bc00000, 0x000000070bc00000, 0x000000070be00000|  0%| F|  |TAMS 0x000000070bc00000, 0x000000070bc00000| Untracked 
|  80|0x000000070be00000, 0x000000070be00000, 0x000000070c000000|  0%| F|  |TAMS 0x000000070be00000, 0x000000070be00000| Untracked 
|  81|0x000000070c000000, 0x000000070c000000, 0x000000070c200000|  0%| F|  |TAMS 0x000000070c000000, 0x000000070c000000| Untracked 
|  82|0x000000070c200000, 0x000000070c200000, 0x000000070c400000|  0%| F|  |TAMS 0x000000070c200000, 0x000000070c200000| Untracked 
|  83|0x000000070c400000, 0x000000070c400000, 0x000000070c600000|  0%| F|  |TAMS 0x000000070c400000, 0x000000070c400000| Untracked 
|  84|0x000000070c600000, 0x000000070c600000, 0x000000070c800000|  0%| F|  |TAMS 0x000000070c600000, 0x000000070c600000| Untracked 
|  85|0x000000070c800000, 0x000000070c9e9f90, 0x000000070ca00000| 95%| O|  |TAMS 0x000000070c9e9f90, 0x000000070c800000| Untracked 
|  86|0x000000070ca00000, 0x000000070ca00000, 0x000000070cc00000|  0%| F|  |TAMS 0x000000070ca00000, 0x000000070ca00000| Untracked 
|  87|0x000000070cc00000, 0x000000070ce00000, 0x000000070ce00000|100%| O|  |TAMS 0x000000070ce00000, 0x000000070cc00000| Untracked 
|  88|0x000000070ce00000, 0x000000070ce00000, 0x000000070d000000|  0%| F|  |TAMS 0x000000070ce00000, 0x000000070ce00000| Untracked 
|  89|0x000000070d000000, 0x000000070d11c850, 0x000000070d200000| 55%| O|  |TAMS 0x000000070d000000, 0x000000070d000000| Untracked 
|  90|0x000000070d200000, 0x000000070d200000, 0x000000070d400000|  0%| F|  |TAMS 0x000000070d200000, 0x000000070d200000| Untracked 
|  91|0x000000070d400000, 0x000000070d400000, 0x000000070d600000|  0%| F|  |TAMS 0x000000070d400000, 0x000000070d400000| Untracked 
|  92|0x000000070d600000, 0x000000070d6e6d80, 0x000000070d800000| 45%| S|CS|TAMS 0x000000070d600000, 0x000000070d600000| Complete 
|  93|0x000000070d800000, 0x000000070da00000, 0x000000070da00000|100%| S|CS|TAMS 0x000000070d800000, 0x000000070d800000| Complete 
|  94|0x000000070da00000, 0x000000070dc00000, 0x000000070dc00000|100%| S|CS|TAMS 0x000000070da00000, 0x000000070da00000| Complete 
|  95|0x000000070dc00000, 0x000000070dc41940, 0x000000070de00000| 12%| O|  |TAMS 0x000000070dc00000, 0x000000070dc00000| Untracked 
|  96|0x000000070de00000, 0x000000070df87060, 0x000000070e000000| 76%| O|  |TAMS 0x000000070de00000, 0x000000070de00000| Untracked 
|  97|0x000000070e000000, 0x000000070e200000, 0x000000070e200000|100%| O|  |TAMS 0x000000070e200000, 0x000000070e000000| Untracked 
|  98|0x000000070e200000, 0x000000070e3d4108, 0x000000070e400000| 91%| O|  |TAMS 0x000000070e200000, 0x000000070e200000| Untracked 
|  99|0x000000070e400000, 0x000000070e400000, 0x000000070e600000|  0%| F|  |TAMS 0x000000070e400000, 0x000000070e400000| Untracked 
| 100|0x000000070e600000, 0x000000070e600000, 0x000000070e800000|  0%| F|  |TAMS 0x000000070e600000, 0x000000070e600000| Untracked 
| 101|0x000000070e800000, 0x000000070e800000, 0x000000070ea00000|  0%| F|  |TAMS 0x000000070e800000, 0x000000070e800000| Untracked 
| 102|0x000000070ea00000, 0x000000070ea00000, 0x000000070ec00000|  0%| F|  |TAMS 0x000000070ea00000, 0x000000070ea00000| Untracked 
| 103|0x000000070ec00000, 0x000000070ec00000, 0x000000070ee00000|  0%| F|  |TAMS 0x000000070ec00000, 0x000000070ec00000| Untracked 
| 104|0x000000070ee00000, 0x000000070ee00000, 0x000000070f000000|  0%| F|  |TAMS 0x000000070ee00000, 0x000000070ee00000| Untracked 
| 105|0x000000070f000000, 0x000000070f000000, 0x000000070f200000|  0%| F|  |TAMS 0x000000070f000000, 0x000000070f000000| Untracked 
| 106|0x000000070f200000, 0x000000070f200000, 0x000000070f400000|  0%| F|  |TAMS 0x000000070f200000, 0x000000070f200000| Untracked 
| 107|0x000000070f400000, 0x000000070f400000, 0x000000070f600000|  0%| F|  |TAMS 0x000000070f400000, 0x000000070f400000| Untracked 
| 108|0x000000070f600000, 0x000000070f600000, 0x000000070f800000|  0%| F|  |TAMS 0x000000070f600000, 0x000000070f600000| Untracked 
| 109|0x000000070f800000, 0x000000070f800000, 0x000000070fa00000|  0%| F|  |TAMS 0x000000070f800000, 0x000000070f800000| Untracked 
| 110|0x000000070fa00000, 0x000000070fa00000, 0x000000070fc00000|  0%| F|  |TAMS 0x000000070fa00000, 0x000000070fa00000| Untracked 
| 111|0x000000070fc00000, 0x000000070fc00000, 0x000000070fe00000|  0%| F|  |TAMS 0x000000070fc00000, 0x000000070fc00000| Untracked 
| 112|0x000000070fe00000, 0x000000070fe00000, 0x0000000710000000|  0%| F|  |TAMS 0x000000070fe00000, 0x000000070fe00000| Untracked 
| 113|0x0000000710000000, 0x0000000710000000, 0x0000000710200000|  0%| F|  |TAMS 0x0000000710000000, 0x0000000710000000| Untracked 
| 114|0x0000000710200000, 0x0000000710200000, 0x0000000710400000|  0%| F|  |TAMS 0x0000000710200000, 0x0000000710200000| Untracked 
| 115|0x0000000710400000, 0x0000000710400000, 0x0000000710600000|  0%| F|  |TAMS 0x0000000710400000, 0x0000000710400000| Untracked 
| 116|0x0000000710600000, 0x0000000710600000, 0x0000000710800000|  0%| F|  |TAMS 0x0000000710600000, 0x0000000710600000| Untracked 
| 117|0x0000000710800000, 0x0000000710800000, 0x0000000710a00000|  0%| F|  |TAMS 0x0000000710800000, 0x0000000710800000| Untracked 
| 118|0x0000000710a00000, 0x0000000710a00000, 0x0000000710c00000|  0%| F|  |TAMS 0x0000000710a00000, 0x0000000710a00000| Untracked 
| 119|0x0000000710c00000, 0x0000000710c00000, 0x0000000710e00000|  0%| F|  |TAMS 0x0000000710c00000, 0x0000000710c00000| Untracked 
| 120|0x0000000710e00000, 0x0000000710e00000, 0x0000000711000000|  0%| F|  |TAMS 0x0000000710e00000, 0x0000000710e00000| Untracked 
| 121|0x0000000711000000, 0x0000000711000000, 0x0000000711200000|  0%| F|  |TAMS 0x0000000711000000, 0x0000000711000000| Untracked 
| 122|0x0000000711200000, 0x0000000711200000, 0x0000000711400000|  0%| F|  |TAMS 0x0000000711200000, 0x0000000711200000| Untracked 
| 123|0x0000000711400000, 0x0000000711400000, 0x0000000711600000|  0%| F|  |TAMS 0x0000000711400000, 0x0000000711400000| Untracked 
| 124|0x0000000711600000, 0x0000000711600000, 0x0000000711800000|  0%| F|  |TAMS 0x0000000711600000, 0x0000000711600000| Untracked 
| 125|0x0000000711800000, 0x0000000711800000, 0x0000000711a00000|  0%| F|  |TAMS 0x0000000711800000, 0x0000000711800000| Untracked 
| 126|0x0000000711a00000, 0x0000000711a00000, 0x0000000711c00000|  0%| F|  |TAMS 0x0000000711a00000, 0x0000000711a00000| Untracked 
| 127|0x0000000711c00000, 0x0000000711c00000, 0x0000000711e00000|  0%| F|  |TAMS 0x0000000711c00000, 0x0000000711c00000| Untracked 
| 128|0x0000000711e00000, 0x0000000711e00000, 0x0000000712000000|  0%| F|  |TAMS 0x0000000711e00000, 0x0000000711e00000| Untracked 
| 129|0x0000000712000000, 0x0000000712000000, 0x0000000712200000|  0%| F|  |TAMS 0x0000000712000000, 0x0000000712000000| Untracked 
| 130|0x0000000712200000, 0x0000000712200000, 0x0000000712400000|  0%| F|  |TAMS 0x0000000712200000, 0x0000000712200000| Untracked 
| 131|0x0000000712400000, 0x0000000712400000, 0x0000000712600000|  0%| F|  |TAMS 0x0000000712400000, 0x0000000712400000| Untracked 
| 132|0x0000000712600000, 0x0000000712600000, 0x0000000712800000|  0%| F|  |TAMS 0x0000000712600000, 0x0000000712600000| Untracked 
| 133|0x0000000712800000, 0x0000000712800000, 0x0000000712a00000|  0%| F|  |TAMS 0x0000000712800000, 0x0000000712800000| Untracked 
| 134|0x0000000712a00000, 0x0000000712a00000, 0x0000000712c00000|  0%| F|  |TAMS 0x0000000712a00000, 0x0000000712a00000| Untracked 
| 135|0x0000000712c00000, 0x0000000712c00000, 0x0000000712e00000|  0%| F|  |TAMS 0x0000000712c00000, 0x0000000712c00000| Untracked 
| 136|0x0000000712e00000, 0x0000000712e00000, 0x0000000713000000|  0%| F|  |TAMS 0x0000000712e00000, 0x0000000712e00000| Untracked 
| 137|0x0000000713000000, 0x0000000713000000, 0x0000000713200000|  0%| F|  |TAMS 0x0000000713000000, 0x0000000713000000| Untracked 
| 138|0x0000000713200000, 0x0000000713200000, 0x0000000713400000|  0%| F|  |TAMS 0x0000000713200000, 0x0000000713200000| Untracked 
| 139|0x0000000713400000, 0x0000000713400000, 0x0000000713600000|  0%| F|  |TAMS 0x0000000713400000, 0x0000000713400000| Untracked 
| 140|0x0000000713600000, 0x0000000713600000, 0x0000000713800000|  0%| F|  |TAMS 0x0000000713600000, 0x0000000713600000| Untracked 
| 141|0x0000000713800000, 0x0000000713800000, 0x0000000713a00000|  0%| F|  |TAMS 0x0000000713800000, 0x0000000713800000| Untracked 
| 142|0x0000000713a00000, 0x0000000713a00000, 0x0000000713c00000|  0%| F|  |TAMS 0x0000000713a00000, 0x0000000713a00000| Untracked 
| 143|0x0000000713c00000, 0x0000000713c00000, 0x0000000713e00000|  0%| F|  |TAMS 0x0000000713c00000, 0x0000000713c00000| Untracked 
| 144|0x0000000713e00000, 0x0000000713e00000, 0x0000000714000000|  0%| F|  |TAMS 0x0000000713e00000, 0x0000000713e00000| Untracked 
| 145|0x0000000714000000, 0x0000000714000000, 0x0000000714200000|  0%| F|  |TAMS 0x0000000714000000, 0x0000000714000000| Untracked 
| 146|0x0000000714200000, 0x0000000714200000, 0x0000000714400000|  0%| F|  |TAMS 0x0000000714200000, 0x0000000714200000| Untracked 
| 147|0x0000000714400000, 0x0000000714400000, 0x0000000714600000|  0%| F|  |TAMS 0x0000000714400000, 0x0000000714400000| Untracked 
| 148|0x0000000714600000, 0x0000000714600000, 0x0000000714800000|  0%| F|  |TAMS 0x0000000714600000, 0x0000000714600000| Untracked 
| 149|0x0000000714800000, 0x0000000714800000, 0x0000000714a00000|  0%| F|  |TAMS 0x0000000714800000, 0x0000000714800000| Untracked 
| 150|0x0000000714a00000, 0x0000000714a00000, 0x0000000714c00000|  0%| F|  |TAMS 0x0000000714a00000, 0x0000000714a00000| Untracked 
| 151|0x0000000714c00000, 0x0000000714c00000, 0x0000000714e00000|  0%| F|  |TAMS 0x0000000714c00000, 0x0000000714c00000| Untracked 
| 152|0x0000000714e00000, 0x0000000714e00000, 0x0000000715000000|  0%| F|  |TAMS 0x0000000714e00000, 0x0000000714e00000| Untracked 
| 153|0x0000000715000000, 0x0000000715000000, 0x0000000715200000|  0%| F|  |TAMS 0x0000000715000000, 0x0000000715000000| Untracked 
| 154|0x0000000715200000, 0x0000000715200000, 0x0000000715400000|  0%| F|  |TAMS 0x0000000715200000, 0x0000000715200000| Untracked 
| 155|0x0000000715400000, 0x0000000715400000, 0x0000000715600000|  0%| F|  |TAMS 0x0000000715400000, 0x0000000715400000| Untracked 
| 156|0x0000000715600000, 0x0000000715600000, 0x0000000715800000|  0%| F|  |TAMS 0x0000000715600000, 0x0000000715600000| Untracked 
| 157|0x0000000715800000, 0x0000000715800000, 0x0000000715a00000|  0%| F|  |TAMS 0x0000000715800000, 0x0000000715800000| Untracked 
| 158|0x0000000715a00000, 0x0000000715a00000, 0x0000000715c00000|  0%| F|  |TAMS 0x0000000715a00000, 0x0000000715a00000| Untracked 
| 159|0x0000000715c00000, 0x0000000715c00000, 0x0000000715e00000|  0%| F|  |TAMS 0x0000000715c00000, 0x0000000715c00000| Untracked 
| 160|0x0000000715e00000, 0x0000000715e00000, 0x0000000716000000|  0%| F|  |TAMS 0x0000000715e00000, 0x0000000715e00000| Untracked 
| 161|0x0000000716000000, 0x0000000716000000, 0x0000000716200000|  0%| F|  |TAMS 0x0000000716000000, 0x0000000716000000| Untracked 
| 162|0x0000000716200000, 0x0000000716209a00, 0x0000000716400000|  1%| O|  |TAMS 0x0000000716200000, 0x0000000716200000| Untracked 
| 163|0x0000000716400000, 0x0000000716400000, 0x0000000716600000|  0%| F|  |TAMS 0x0000000716400000, 0x0000000716400000| Untracked 
| 164|0x0000000716600000, 0x0000000716600000, 0x0000000716800000|  0%| F|  |TAMS 0x0000000716600000, 0x0000000716600000| Untracked 
| 165|0x0000000716800000, 0x0000000716800000, 0x0000000716a00000|  0%| F|  |TAMS 0x0000000716800000, 0x0000000716800000| Untracked 
| 166|0x0000000716a00000, 0x0000000716a00000, 0x0000000716c00000|  0%| F|  |TAMS 0x0000000716a00000, 0x0000000716a00000| Untracked 
| 167|0x0000000716c00000, 0x0000000716c00000, 0x0000000716e00000|  0%| F|  |TAMS 0x0000000716c00000, 0x0000000716c00000| Untracked 
| 168|0x0000000716e00000, 0x0000000716e00000, 0x0000000717000000|  0%| F|  |TAMS 0x0000000716e00000, 0x0000000716e00000| Untracked 
| 169|0x0000000717000000, 0x0000000717000000, 0x0000000717200000|  0%| F|  |TAMS 0x0000000717000000, 0x0000000717000000| Untracked 
| 170|0x0000000717200000, 0x0000000717200000, 0x0000000717400000|  0%| F|  |TAMS 0x0000000717200000, 0x0000000717200000| Untracked 
| 171|0x0000000717400000, 0x0000000717400000, 0x0000000717600000|  0%| F|  |TAMS 0x0000000717400000, 0x0000000717400000| Untracked 
| 172|0x0000000717600000, 0x0000000717600000, 0x0000000717800000|  0%| F|  |TAMS 0x0000000717600000, 0x0000000717600000| Untracked 
| 173|0x0000000717800000, 0x0000000717800000, 0x0000000717a00000|  0%| F|  |TAMS 0x0000000717800000, 0x0000000717800000| Untracked 
| 174|0x0000000717a00000, 0x0000000717a00000, 0x0000000717c00000|  0%| F|  |TAMS 0x0000000717a00000, 0x0000000717a00000| Untracked 
| 175|0x0000000717c00000, 0x0000000717c00000, 0x0000000717e00000|  0%| F|  |TAMS 0x0000000717c00000, 0x0000000717c00000| Untracked 
| 176|0x0000000717e00000, 0x0000000717e00000, 0x0000000718000000|  0%| F|  |TAMS 0x0000000717e00000, 0x0000000717e00000| Untracked 

Card table byte_map: [0x00000189a0cc0000,0x00000189a14c0000] _byte_map_base: 0x000001899d4b1000

Marking Bits (Prev, Next): (CMBitMap*) 0x00000189896f1bd0, (CMBitMap*) 0x00000189896f1b90
 Prev Bits: [0x00000189a5c50000, 0x00000189a9bd8000)
 Next Bits: [0x00000189a1cc0000, 0x00000189a5c48000)

Polling page: 0x0000018987470000

Metaspace:

Usage:
  Non-class:    105.65 MB used.
      Class:     17.25 MB used.
       Both:    122.90 MB used.

Virtual space:
  Non-class space:      128.00 MB reserved,     106.62 MB ( 83%) committed,  2 nodes.
      Class space:        1.00 GB reserved,      18.12 MB (  2%) committed,  1 nodes.
             Both:        1.12 GB reserved,     124.75 MB ( 11%) committed. 

Chunk freelists:
   Non-Class:  20.45 MB
       Class:  13.88 MB
        Both:  34.33 MB

MaxMetaspaceSize: unlimited
CompressedClassSpaceSize: 1.00 GB
Initial GC threshold: 21.00 MB
Current GC threshold: 205.94 MB
CDS: on
MetaspaceReclaimPolicy: balanced
 - commit_granule_bytes: 65536.
 - commit_granule_words: 8192.
 - virtual_space_node_default_size: 8388608.
 - enlarge_chunks_in_place: 1.
 - new_chunks_are_fully_committed: 0.
 - uncommit_free_chunks: 1.
 - use_allocation_guard: 0.
 - handle_deallocations: 1.


Internal statistics:

num_allocs_failed_limit: 9.
num_arena_births: 1366.
num_arena_deaths: 230.
num_vsnodes_births: 3.
num_vsnodes_deaths: 0.
num_space_committed: 6559.
num_space_uncommitted: 4563.
num_chunks_returned_to_freelist: 10238.
num_chunks_taken_from_freelist: 16787.
num_chunk_merges: 4703.
num_chunk_splits: 14246.
num_chunks_enlarged: 13028.
num_inconsistent_stats: 0.

CodeHeap 'non-profiled nmethods': size=120000Kb used=16219Kb max_used=16219Kb free=103780Kb
 bounds [0x0000018998c60000, 0x0000018999c40000, 0x00000189a0190000]
CodeHeap 'profiled nmethods': size=120000Kb used=27253Kb max_used=28086Kb free=92746Kb
 bounds [0x0000018991190000, 0x0000018992d30000, 0x00000189986c0000]
CodeHeap 'non-nmethods': size=5760Kb used=1377Kb max_used=1485Kb free=4382Kb
 bounds [0x00000189986c0000, 0x0000018998930000, 0x0000018998c60000]
 total_blobs=15313 nmethods=14605 adapters=619
 compilation: enabled
              stopped_count=0, restarted_count=0
 full_count=0

Compilation events (20 events):
Event: 5533.657 Thread 0x00000189ac0d5040 nmethod 37073 0x0000018991766210 code [0x00000189917663a0, 0x00000189917664a8]
Event: 5533.657 Thread 0x00000189ac0d5040 37074       3       org.mule.runtime.module.extension.internal.loader.utils.JavaMetadataKeyIdModelParserUtils::keyIdResolverFromType (21 bytes)
Event: 5533.657 Thread 0x00000189ac0d5040 nmethod 37074 0x000001899293d890 code [0x000001899293da80, 0x000001899293e018]
Event: 5533.815 Thread 0x00000189ac0d5040 37075       3       org.mule.runtime.extension.internal.loader.enricher.TargetParameterDeclarationEnricher$$Lambda$588/0x00000189ae280490::test (8 bytes)
Event: 5533.815 Thread 0x00000189ac0d5040 nmethod 37075 0x0000018991768e90 code [0x0000018991769040, 0x0000018991769388]
Event: 5533.942 Thread 0x00000189ac0d2c90 nmethod 37060 0x0000018999c2fc90 code [0x0000018999c30100, 0x0000018999c354c8]
Event: 5533.942 Thread 0x00000189ac0d2c90 37070       4       org.mule.springframework.util.ConcurrentReferenceHashMap$Segment::restructureIfNecessary (56 bytes)
Event: 5533.959 Thread 0x00000189ac0d2c90 nmethod 37070 0x0000018999a71e10 code [0x0000018999a71fc0, 0x0000018999a72718]
Event: 5533.959 Thread 0x00000189ac0d2c90 37061       4       org.mule.springframework.util.ConcurrentReferenceHashMap$Segment::getReference (55 bytes)
Event: 5533.990 Thread 0x00000189ac0d2c90 nmethod 37061 0x0000018999a70d90 code [0x0000018999a70f60, 0x0000018999a718e8]
Event: 5533.991 Thread 0x00000189ac0d2c90 37063       4       java.beans.Introspector::getTargetMethodInfo (250 bytes)
Event: 5534.247 Thread 0x00000189ac0d5040 37080       3       jdk.internal.reflect.UnsafeFieldAccessorImpl::<init> (56 bytes)
Event: 5534.248 Thread 0x00000189ac0d5040 nmethod 37080 0x000001899223a710 code [0x000001899223a940, 0x000001899223b118]
Event: 5534.250 Thread 0x00000189f4f000d0 37079   !   4       java.lang.Boolean::getBoolean (16 bytes)
Event: 5534.261 Thread 0x00000189ac0d5040 37081       3       java.util.regex.Pattern$Branch::study (162 bytes)
Event: 5534.262 Thread 0x00000189ac0d5040 nmethod 37081 0x000001899293a210 code [0x000001899293a400, 0x000001899293aad8]
Event: 5534.268 Thread 0x00000189ac0d5040 37082       1       org.mule.runtime.core.internal.util.version.JdkVersionUtils$JdkVersion::getMajor (5 bytes)
Event: 5534.268 Thread 0x00000189ac0d5040 nmethod 37082 0x0000018999a77210 code [0x0000018999a773a0, 0x0000018999a77478]
Event: 5534.281 Thread 0x00000189f4f000d0 nmethod 37079 0x0000018999c37990 code [0x0000018999c37b80, 0x0000018999c38518]
Event: 5534.281 Thread 0x00000189f4f000d0 37078       4       org.mule.runtime.module.extension.internal.util.IntrospectionUtils$3::visitObject (136 bytes)

GC Heap History (20 events):
Event: 5195.223 GC heap after
{Heap after GC invocations=100 (full 22):
 garbage-first heap   total 362496K, used 123746K [0x0000000701e00000, 0x0000000800000000)
  region size 2048K, 0 young (0K), 0 survivors (0K)
 Metaspace       used 116547K, committed 118400K, reserved 1179648K
  class space    used 16331K, committed 17152K, reserved 1048576K
}
Event: 5219.264 GC heap before
{Heap before GC invocations=100 (full 22):
 garbage-first heap   total 362496K, used 289634K [0x0000000701e00000, 0x0000000800000000)
  region size 2048K, 81 young (165888K), 0 survivors (0K)
 Metaspace       used 117843K, committed 119552K, reserved 1179648K
  class space    used 16509K, committed 17344K, reserved 1048576K
}
Event: 5219.272 GC heap after
{Heap after GC invocations=101 (full 22):
 garbage-first heap   total 362496K, used 129340K [0x0000000701e00000, 0x0000000800000000)
  region size 2048K, 3 young (6144K), 3 survivors (6144K)
 Metaspace       used 117843K, committed 119552K, reserved 1179648K
  class space    used 16509K, committed 17344K, reserved 1048576K
}
Event: 5501.128 GC heap before
{Heap before GC invocations=101 (full 22):
 garbage-first heap   total 362496K, used 289084K [0x0000000701e00000, 0x0000000800000000)
  region size 2048K, 82 young (167936K), 3 survivors (6144K)
 Metaspace       used 119110K, committed 120832K, reserved 1179648K
  class space    used 16683K, committed 17536K, reserved 1048576K
}
Event: 5501.137 GC heap after
{Heap after GC invocations=102 (full 22):
 garbage-first heap   total 362496K, used 134234K [0x0000000701e00000, 0x0000000800000000)
  region size 2048K, 6 young (12288K), 6 survivors (12288K)
 Metaspace       used 119110K, committed 120832K, reserved 1179648K
  class space    used 16683K, committed 17536K, reserved 1048576K
}
Event: 5502.237 GC heap before
{Heap before GC invocations=102 (full 22):
 garbage-first heap   total 362496K, used 169050K [0x0000000701e00000, 0x0000000800000000)
  region size 2048K, 24 young (49152K), 6 survivors (12288K)
 Metaspace       used 119971K, committed 121664K, reserved 1179648K
  class space    used 16799K, committed 17600K, reserved 1048576K
}
Event: 5502.426 GC heap after
{Heap after GC invocations=103 (full 23):
 garbage-first heap   total 362496K, used 132060K [0x0000000701e00000, 0x0000000800000000)
  region size 2048K, 0 young (0K), 0 survivors (0K)
 Metaspace       used 119811K, committed 121600K, reserved 1179648K
  class space    used 16787K, committed 17600K, reserved 1048576K
}
Event: 5505.291 GC heap before
{Heap before GC invocations=103 (full 23):
 garbage-first heap   total 362496K, used 291804K [0x0000000701e00000, 0x0000000800000000)
  region size 2048K, 79 young (161792K), 0 survivors (0K)
 Metaspace       used 121082K, committed 122816K, reserved 1179648K
  class space    used 16964K, committed 17792K, reserved 1048576K
}
Event: 5505.295 GC heap after
{Heap after GC invocations=104 (full 23):
 garbage-first heap   total 362496K, used 137879K [0x0000000701e00000, 0x0000000800000000)
  region size 2048K, 3 young (6144K), 3 survivors (6144K)
 Metaspace       used 121082K, committed 122816K, reserved 1179648K
  class space    used 16964K, committed 17792K, reserved 1048576K
}
Event: 5505.634 GC heap before
{Heap before GC invocations=104 (full 23):
 garbage-first heap   total 362496K, used 158359K [0x0000000701e00000, 0x0000000800000000)
  region size 2048K, 14 young (28672K), 3 survivors (6144K)
 Metaspace       used 121579K, committed 123328K, reserved 1179648K
  class space    used 17031K, committed 17856K, reserved 1048576K
}
Event: 5505.803 GC heap after
{Heap after GC invocations=105 (full 24):
 garbage-first heap   total 362496K, used 135312K [0x0000000701e00000, 0x0000000800000000)
  region size 2048K, 0 young (0K), 0 survivors (0K)
 Metaspace       used 121420K, committed 123264K, reserved 1179648K
  class space    used 17019K, committed 17856K, reserved 1048576K
}
Event: 5509.059 GC heap before
{Heap before GC invocations=105 (full 24):
 garbage-first heap   total 362496K, used 297104K [0x0000000701e00000, 0x0000000800000000)
  region size 2048K, 79 young (161792K), 0 survivors (0K)
 Metaspace       used 122679K, committed 124480K, reserved 1179648K
  class space    used 17195K, committed 18048K, reserved 1048576K
}
Event: 5509.063 GC heap after
{Heap after GC invocations=106 (full 24):
 garbage-first heap   total 362496K, used 140416K [0x0000000701e00000, 0x0000000800000000)
  region size 2048K, 3 young (6144K), 3 survivors (6144K)
 Metaspace       used 122679K, committed 124480K, reserved 1179648K
  class space    used 17195K, committed 18048K, reserved 1048576K
}
Event: 5509.308 GC heap before
{Heap before GC invocations=106 (full 24):
 garbage-first heap   total 362496K, used 152704K [0x0000000701e00000, 0x0000000800000000)
  region size 2048K, 10 young (20480K), 3 survivors (6144K)
 Metaspace       used 123178K, committed 124928K, reserved 1179648K
  class space    used 17263K, committed 18112K, reserved 1048576K
}
Event: 5509.469 GC heap after
{Heap after GC invocations=107 (full 25):
 garbage-first heap   total 362496K, used 138652K [0x0000000701e00000, 0x0000000800000000)
  region size 2048K, 0 young (0K), 0 survivors (0K)
 Metaspace       used 123018K, committed 124864K, reserved 1179648K
  class space    used 17251K, committed 18112K, reserved 1048576K
}
Event: 5530.945 GC heap before
{Heap before GC invocations=107 (full 25):
 garbage-first heap   total 362496K, used 298396K [0x0000000701e00000, 0x0000000800000000)
  region size 2048K, 78 young (159744K), 0 survivors (0K)
 Metaspace       used 124262K, committed 126144K, reserved 1179648K
  class space    used 17427K, committed 18304K, reserved 1048576K
}
Event: 5530.952 GC heap after
{Heap after GC invocations=108 (full 25):
 garbage-first heap   total 362496K, used 143585K [0x0000000701e00000, 0x0000000800000000)
  region size 2048K, 3 young (6144K), 3 survivors (6144K)
 Metaspace       used 124262K, committed 126144K, reserved 1179648K
  class space    used 17427K, committed 18304K, reserved 1048576K
}
Event: 5531.299 GC heap before
{Heap before GC invocations=108 (full 25):
 garbage-first heap   total 362496K, used 159969K [0x0000000701e00000, 0x0000000800000000)
  region size 2048K, 12 young (24576K), 3 survivors (6144K)
 Metaspace       used 124762K, committed 126656K, reserved 1179648K
  class space    used 17495K, committed 18368K, reserved 1048576K
}
Event: 5531.466 GC heap after
{Heap after GC invocations=109 (full 26):
 garbage-first heap   total 362496K, used 141329K [0x0000000701e00000, 0x0000000800000000)
  region size 2048K, 0 young (0K), 0 survivors (0K)
 Metaspace       used 124603K, committed 126528K, reserved 1179648K
  class space    used 17483K, committed 18368K, reserved 1048576K
}
Event: 5534.283 GC heap before
{Heap before GC invocations=109 (full 26):
 garbage-first heap   total 362496K, used 299025K [0x0000000701e00000, 0x0000000800000000)
  region size 2048K, 77 young (157696K), 0 survivors (0K)
 Metaspace       used 125849K, committed 127744K, reserved 1179648K
  class space    used 17659K, committed 18560K, reserved 1048576K
}

Dll operation events (9 events):
Event: 0.050 Loaded shared library C:\Users\manish.kumar_bitsing\AnypointCodeBuilder\java\jdk-17.0.13+11\bin\java.dll
Event: 0.195 Loaded shared library C:\Users\manish.kumar_bitsing\AnypointCodeBuilder\java\jdk-17.0.13+11\bin\jsvml.dll
Event: 0.516 Loaded shared library C:\Users\manish.kumar_bitsing\AnypointCodeBuilder\java\jdk-17.0.13+11\bin\net.dll
Event: 0.543 Loaded shared library C:\Users\manish.kumar_bitsing\AnypointCodeBuilder\java\jdk-17.0.13+11\bin\nio.dll
Event: 0.561 Loaded shared library C:\Users\manish.kumar_bitsing\AnypointCodeBuilder\java\jdk-17.0.13+11\bin\zip.dll
Event: 25.093 Loaded shared library C:\Users\manish.kumar_bitsing\AnypointCodeBuilder\java\jdk-17.0.13+11\bin\jimage.dll
Event: 36.773 Loaded shared library C:\Users\manish.kumar_bitsing\AnypointCodeBuilder\java\jdk-17.0.13+11\bin\verify.dll
Event: 37.843 Loaded shared library C:\Users\manish.kumar_bitsing\AnypointCodeBuilder\java\jdk-17.0.13+11\bin\extnet.dll
Event: 134.546 Loaded shared library C:\Users\manish.kumar_bitsing\AnypointCodeBuilder\java\jdk-17.0.13+11\bin\sunmscapi.dll

Deoptimization events (20 events):
Event: 5504.895 Thread 0x00000189f2e82040 Uncommon trap: trap_request=0xfffffff4 fr.pc=0x0000018999b9bbc4 relative=0x0000000000003904
Event: 5504.895 Thread 0x00000189f2e82040 Uncommon trap: reason=null_check action=make_not_entrant pc=0x0000018999b9bbc4 method=org.mule.metadata.java.api.annotation.ClassInformationAnnotation.<init>(Ljava/lang/Class;Ljava/util/List;)V @ 32 c2
Event: 5504.895 Thread 0x00000189f2e82040 DEOPT PACKING pc=0x0000018999b9bbc4 sp=0x000000534dffbf90
Event: 5504.895 Thread 0x00000189f2e82040 DEOPT UNPACKING pc=0x00000189987169a3 sp=0x000000534dffbfb0 mode 2
Event: 5508.281 Thread 0x00000189f6c457e0 Uncommon trap: trap_request=0xfffffff4 fr.pc=0x0000018999bb1f64 relative=0x0000000000003924
Event: 5508.281 Thread 0x00000189f6c457e0 Uncommon trap: reason=null_check action=make_not_entrant pc=0x0000018999bb1f64 method=org.mule.metadata.java.api.annotation.ClassInformationAnnotation.<init>(Ljava/lang/Class;Ljava/util/List;)V @ 43 c2
Event: 5508.281 Thread 0x00000189f6c457e0 DEOPT PACKING pc=0x0000018999bb1f64 sp=0x000000534eefd790
Event: 5508.281 Thread 0x00000189f6c457e0 DEOPT UNPACKING pc=0x00000189987169a3 sp=0x000000534eefd7b0 mode 2
Event: 5508.848 Thread 0x00000189f6c452d0 Uncommon trap: trap_request=0xfffffff4 fr.pc=0x0000018999bdf084 relative=0x0000000000003944
Event: 5508.848 Thread 0x00000189f6c452d0 Uncommon trap: reason=null_check action=make_not_entrant pc=0x0000018999bdf084 method=org.mule.metadata.java.api.annotation.ClassInformationAnnotation.<init>(Ljava/lang/Class;Ljava/util/List;)V @ 54 c2
Event: 5508.848 Thread 0x00000189f6c452d0 DEOPT PACKING pc=0x0000018999bdf084 sp=0x000000534f3fd2b0
Event: 5508.848 Thread 0x00000189f6c452d0 DEOPT UNPACKING pc=0x00000189987169a3 sp=0x000000534f3fd2d0 mode 2
Event: 5530.162 Thread 0x00000189f2e82040 Uncommon trap: trap_request=0xfffffff4 fr.pc=0x0000018999beadf8 relative=0x0000000000003938
Event: 5530.162 Thread 0x00000189f2e82040 Uncommon trap: reason=null_check action=make_not_entrant pc=0x0000018999beadf8 method=org.mule.metadata.java.api.annotation.ClassInformationAnnotation.<init>(Ljava/lang/Class;Ljava/util/List;)V @ 112 c2
Event: 5530.162 Thread 0x00000189f2e82040 DEOPT PACKING pc=0x0000018999beadf8 sp=0x000000534dffc290
Event: 5530.162 Thread 0x00000189f2e82040 DEOPT UNPACKING pc=0x00000189987169a3 sp=0x000000534dffc2a8 mode 2
Event: 5531.199 Thread 0x00000189f2e82040 Uncommon trap: trap_request=0xffffff54 fr.pc=0x00000189993fc210 relative=0x00000000000004b0
Event: 5531.199 Thread 0x00000189f2e82040 Uncommon trap: reason=speculate_null_assert action=make_not_entrant pc=0x00000189993fc210 method=org.mule.springframework.util.ConcurrentReferenceHashMap$Segment.restructureIfNecessary(Z)V @ 41 c2
Event: 5531.199 Thread 0x00000189f2e82040 DEOPT PACKING pc=0x00000189993fc210 sp=0x000000534dffc940
Event: 5531.199 Thread 0x00000189f2e82040 DEOPT UNPACKING pc=0x00000189987169a3 sp=0x000000534dffc878 mode 2

Classes loaded (20 events):
Event: 5533.580 Loading class java/util/OptionalCustomizer
Event: 5533.580 Loading class java/util/OptionalCustomizer done
Event: 5533.581 Loading class java/util/OptionalCustomizer
Event: 5533.581 Loading class java/util/OptionalCustomizer done
Event: 5533.588 Loading class java/lang/ExceptionBeanInfo
Event: 5533.588 Loading class java/lang/ExceptionBeanInfo done
Event: 5533.589 Loading class java/lang/ExceptionBeanInfo
Event: 5533.589 Loading class java/lang/ExceptionBeanInfo done
Event: 5533.589 Loading class java/lang/ThrowableBeanInfo
Event: 5533.589 Loading class java/lang/ThrowableBeanInfo done
Event: 5533.590 Loading class java/lang/ThrowableBeanInfo
Event: 5533.590 Loading class java/lang/ThrowableBeanInfo done
Event: 5533.590 Loading class java/lang/ThrowableCustomizer
Event: 5533.590 Loading class java/lang/ThrowableCustomizer done
Event: 5533.590 Loading class java/lang/ThrowableCustomizer
Event: 5533.590 Loading class java/lang/ThrowableCustomizer done
Event: 5533.591 Loading class java/lang/ExceptionCustomizer
Event: 5533.591 Loading class java/lang/ExceptionCustomizer done
Event: 5533.591 Loading class java/lang/ExceptionCustomizer
Event: 5533.591 Loading class java/lang/ExceptionCustomizer done

Classes unloaded (20 events):
Event: 5509.358 Thread 0x00000189ac0a4e30 Unloading class 0x00000189af0dc000 'org/mule/module/apikit/ApikitExtensionLoadingDelegate'
Event: 5531.351 Thread 0x00000189ac0a4e30 Unloading class 0x00000189aee9ec00 'org/mule/module/apikit/Configuration'
Event: 5531.351 Thread 0x00000189ac0a4e30 Unloading class 0x00000189aee9ea08 'org/mule/module/apikit/api/config/ConsoleConfig'
Event: 5531.351 Thread 0x00000189ac0a4e30 Unloading class 0x00000189aee9e810 'org/mule/module/apikit/api/config/ValidationConfig'
Event: 5531.351 Thread 0x00000189ac0a4e30 Unloading class 0x00000189aee9e5f0 'org/mule/module/apikit/ApikitRegistry'
Event: 5531.351 Thread 0x00000189ac0a4e30 Unloading class 0x00000189aee9e3f0 'org/apache/commons/lang3/StringUtils'
Event: 5531.351 Thread 0x00000189ac0a4e30 Unloading class 0x00000189aee9e1f0 'org/mule/module/apikit/utils/MuleVersionUtils'
Event: 5531.351 Thread 0x00000189ac0a4e30 Unloading class 0x00000189aee9dcf8 'org/mule/module/apikit/api/deserializing/ArrayHeaderDelimiter'
Event: 5531.351 Thread 0x00000189ac0a4e30 Unloading class 0x00000189aee9dae0 'org/mule/module/apikit/api/deserializing/AttributesDeserializingStrategies'
Event: 5531.351 Thread 0x00000189ac0a4e30 Unloading class 0x00000189aee9d880 'org/mule/module/apikit/FlowMapping'
Event: 5531.351 Thread 0x00000189ac0a4e30 Unloading class 0x00000189aee9d458 'org/mule/parser/service/strategy/WithFallbackParsingStrategy'
Event: 5531.351 Thread 0x00000189ac0a4e30 Unloading class 0x00000189aee9d240 'org/mule/parser/service/references/ReferencesResolver'
Event: 5531.351 Thread 0x00000189ac0a4e30 Unloading class 0x00000189aee9d000 'org/mule/parser/service/strategy/RamlParsingStrategy'
Event: 5531.351 Thread 0x00000189ac0a4e30 Unloading class 0x00000189aee9cc88 'org/mule/apikit/model/ApiSpecification'
Event: 5531.351 Thread 0x00000189ac0a4e30 Unloading class 0x00000189aee9ca90 'org/mule/parser/service/result/ParseResult'
Event: 5531.351 Thread 0x00000189ac0a4e30 Unloading class 0x00000189aee9c898 'org/mule/apikit/ApiParser'
Event: 5531.351 Thread 0x00000189ac0a4e30 Unloading class 0x00000189aee9c660 'org/mule/parser/service/strategy/AMFParsingStrategy'
Event: 5531.351 Thread 0x00000189ac0a4e30 Unloading class 0x00000189aee9c468 'org/mule/parser/service/strategy/ParsingStrategy'
Event: 5531.351 Thread 0x00000189ac0a4e30 Unloading class 0x00000189aee9c228 'org/mule/parser/service/ParserMode'
Event: 5531.351 Thread 0x00000189ac0a4e30 Unloading class 0x00000189aee9c000 'org/mule/module/apikit/ApikitExtensionLoadingDelegate'

Classes redefined (0 events):
No events

Internal exceptions (20 events):
Event: 5534.110 Thread 0x00000189f6c457e0 Exception <a 'java/lang/ClassNotFoundException'{0x000000070f623c78}: org/mule/extension/http/api/certificate/CertificateExtensionBeanInfo> (0x000000070f623c78) 
thrown [s\src\hotspot\share\classfile\systemDictionary.cpp, line 256]
Event: 5534.110 Thread 0x00000189f6c457e0 Exception <a 'java/lang/ClassNotFoundException'{0x000000070f62aa48}: org/mule/extension/http/api/certificate/CertificateExtensionCustomizer> (0x000000070f62aa48) 
thrown [s\src\hotspot\share\classfile\systemDictionary.cpp, line 256]
Event: 5534.111 Thread 0x00000189f6c457e0 Exception <a 'java/lang/ClassNotFoundException'{0x000000070f636db0}: org/mule/extension/http/api/certificate/AlternativeNameDataBeanInfo> (0x000000070f636db0) 
thrown [s\src\hotspot\share\classfile\systemDictionary.cpp, line 256]
Event: 5534.111 Thread 0x00000189f6c457e0 Exception <a 'java/lang/ClassNotFoundException'{0x000000070f63db60}: org/mule/extension/http/api/certificate/AlternativeNameDataCustomizer> (0x000000070f63db60) 
thrown [s\src\hotspot\share\classfile\systemDictionary.cpp, line 256]
Event: 5534.112 Thread 0x00000189f6c457e0 Exception <a 'java/lang/ClassNotFoundException'{0x000000070f647ce0}: org/mule/extension/http/api/certificate/PrincipalDataBeanInfo> (0x000000070f647ce0) 
thrown [s\src\hotspot\share\classfile\systemDictionary.cpp, line 256]
Event: 5534.113 Thread 0x00000189f6c457e0 Exception <a 'java/lang/ClassNotFoundException'{0x000000070f64e998}: org/mule/extension/http/api/certificate/PrincipalDataCustomizer> (0x000000070f64e998) 
thrown [s\src\hotspot\share\classfile\systemDictionary.cpp, line 256]
Event: 5534.113 Thread 0x00000189f6c457e0 Exception <a 'java/lang/ClassNotFoundException'{0x000000070f6599e0}: org/mule/extension/http/api/certificate/X500PrincipalDataBeanInfo> (0x000000070f6599e0) 
thrown [s\src\hotspot\share\classfile\systemDictionary.cpp, line 256]
Event: 5534.114 Thread 0x00000189f6c457e0 Exception <a 'java/lang/ClassNotFoundException'{0x000000070f660770}: org/mule/extension/http/api/certificate/X500PrincipalDataCustomizer> (0x000000070f660770) 
thrown [s\src\hotspot\share\classfile\systemDictionary.cpp, line 256]
Event: 5534.114 Thread 0x00000189f6c457e0 Exception <a 'java/lang/ClassNotFoundException'{0x000000070f66b9f0}: org/mule/extension/http/api/certificate/PublicKeyDataBeanInfo> (0x000000070f66b9f0) 
thrown [s\src\hotspot\share\classfile\systemDictionary.cpp, line 256]
Event: 5534.115 Thread 0x00000189f6c457e0 Exception <a 'java/lang/ClassNotFoundException'{0x000000070f672908}: org/mule/extension/http/api/certificate/PublicKeyDataCustomizer> (0x000000070f672908) 
thrown [s\src\hotspot\share\classfile\systemDictionary.cpp, line 256]
Event: 5534.116 Thread 0x00000189f6c457e0 Exception <a 'java/lang/ClassNotFoundException'{0x000000070f67fa38}: org/mule/extension/http/api/certificate/SerialNumberDataBeanInfo> (0x000000070f67fa38) 
thrown [s\src\hotspot\share\classfile\systemDictionary.cpp, line 256]
Event: 5534.116 Thread 0x00000189f6c457e0 Exception <a 'java/lang/ClassNotFoundException'{0x000000070f686790}: org/mule/extension/http/api/certificate/SerialNumberDataCustomizer> (0x000000070f686790) 
thrown [s\src\hotspot\share\classfile\systemDictionary.cpp, line 256]
Event: 5534.134 Thread 0x00000189f6c457e0 Exception <a 'java/lang/ArrayIndexOutOfBoundsException'{0x000000070f6db808}> (0x000000070f6db808) 
thrown [s\src\hotspot\share\runtime\sharedRuntime.cpp, line 631]
Event: 5534.134 Thread 0x00000189f6c457e0 Exception <a 'java/lang/ArrayIndexOutOfBoundsException'{0x000000070f6dbcc0}> (0x000000070f6dbcc0) 
thrown [s\src\hotspot\share\runtime\sharedRuntime.cpp, line 631]
Event: 5534.135 Thread 0x00000189f6c457e0 Exception <a 'java/lang/ArrayIndexOutOfBoundsException'{0x000000070f70a7e8}> (0x000000070f70a7e8) 
thrown [s\src\hotspot\share\runtime\sharedRuntime.cpp, line 631]
Event: 5534.135 Thread 0x00000189f6c457e0 Exception <a 'java/lang/ArrayIndexOutOfBoundsException'{0x000000070f70aca0}> (0x000000070f70aca0) 
thrown [s\src\hotspot\share\runtime\sharedRuntime.cpp, line 631]
Event: 5534.135 Thread 0x00000189f6c457e0 Exception <a 'java/lang/ArrayIndexOutOfBoundsException'{0x000000070f712180}> (0x000000070f712180) 
thrown [s\src\hotspot\share\runtime\sharedRuntime.cpp, line 631]
Event: 5534.135 Thread 0x00000189f6c457e0 Exception <a 'java/lang/ArrayIndexOutOfBoundsException'{0x000000070f714cd8}> (0x000000070f714cd8) 
thrown [s\src\hotspot\share\runtime\sharedRuntime.cpp, line 631]
Event: 5534.143 Thread 0x00000189f2e82040 Exception <a 'java/lang/ArrayIndexOutOfBoundsException'{0x000000070f8d7d30}> (0x000000070f8d7d30) 
thrown [s\src\hotspot\share\runtime\sharedRuntime.cpp, line 631]
Event: 5534.144 Thread 0x00000189f2e82040 Exception <a 'sun/nio/fs/WindowsException'{0x000000070f8d9128}> (0x000000070f8d9128) 
thrown [s\src\hotspot\share\prims\jni.cpp, line 516]

VM Operations (20 events):
Event: 5508.841 Executing VM operation: Cleanup done
Event: 5509.059 Executing VM operation: G1CollectForAllocation
Event: 5509.063 Executing VM operation: G1CollectForAllocation done
Event: 5509.308 Executing VM operation: G1CollectFull
Event: 5509.469 Executing VM operation: G1CollectFull done
Event: 5529.637 Executing VM operation: Cleanup
Event: 5529.637 Executing VM operation: Cleanup done
Event: 5530.647 Executing VM operation: Cleanup
Event: 5530.647 Executing VM operation: Cleanup done
Event: 5530.945 Executing VM operation: G1CollectForAllocation
Event: 5530.953 Executing VM operation: G1CollectForAllocation done
Event: 5531.272 Executing VM operation: HandshakeAllThreads
Event: 5531.273 Executing VM operation: HandshakeAllThreads done
Event: 5531.298 Executing VM operation: G1CollectFull
Event: 5531.466 Executing VM operation: G1CollectFull done
Event: 5532.469 Executing VM operation: Cleanup
Event: 5532.470 Executing VM operation: Cleanup done
Event: 5533.461 Executing VM operation: HandshakeAllThreads
Event: 5533.461 Executing VM operation: HandshakeAllThreads done
Event: 5534.283 Executing VM operation: G1CollectForAllocation

Memory protections (0 events):
No events

Nmethod flushes (20 events):
Event: 5531.480 Thread 0x00000189ac0e18f0 flushing  nmethod 0x000001899287ac10
Event: 5531.480 Thread 0x00000189ac0e18f0 flushing  nmethod 0x0000018992939190
Event: 5531.480 Thread 0x00000189ac0e18f0 flushing  nmethod 0x0000018992939e10
Event: 5531.480 Thread 0x00000189ac0e18f0 flushing  nmethod 0x000001899293a610
Event: 5531.480 Thread 0x00000189ac0e18f0 flushing  nmethod 0x000001899293c190
Event: 5531.480 Thread 0x00000189ac0e18f0 flushing  nmethod 0x000001899293ce10
Event: 5531.480 Thread 0x00000189ac0e18f0 flushing  nmethod 0x000001899293d890
Event: 5531.480 Thread 0x00000189ac0e18f0 flushing  nmethod 0x000001899293e010
Event: 5531.480 Thread 0x00000189ac0e18f0 flushing  nmethod 0x000001899293e590
Event: 5531.481 Thread 0x00000189ac0e18f0 flushing  nmethod 0x0000018992940110
Event: 5531.481 Thread 0x00000189ac0e18f0 flushing  nmethod 0x0000018992943b10
Event: 5531.481 Thread 0x00000189ac0e18f0 flushing  nmethod 0x0000018992944490
Event: 5531.481 Thread 0x00000189ac0e18f0 flushing  nmethod 0x0000018992999c90
Event: 5531.481 Thread 0x00000189ac0e18f0 flushing  nmethod 0x00000189929ce190
Event: 5531.481 Thread 0x00000189ac0e18f0 flushing  nmethod 0x0000018992a0e490
Event: 5531.481 Thread 0x00000189ac0e18f0 flushing  nmethod 0x0000018992a0fd10
Event: 5531.482 Thread 0x00000189ac0e18f0 flushing  nmethod 0x0000018992a86790
Event: 5531.483 Thread 0x00000189ac0e18f0 flushing  nmethod 0x0000018992bbfe10
Event: 5531.484 Thread 0x00000189ac0e18f0 flushing  nmethod 0x0000018992c02c90
Event: 5531.484 Thread 0x00000189ac0e18f0 flushing  nmethod 0x0000018992cf1d90

Events (20 events):
Event: 5528.949 Thread 0x00000189f6c494a0 Thread exited: 0x00000189f6c494a0
Event: 5528.949 Thread 0x00000189f6c48f90 Thread exited: 0x00000189f6c48f90
Event: 5528.949 Thread 0x00000189f6c44dc0 Thread exited: 0x00000189f6c44dc0
Event: 5528.949 Thread 0x00000189f6c499b0 Thread exited: 0x00000189f6c499b0
Event: 5528.949 Thread 0x00000189f6c48a80 Thread exited: 0x00000189f6c48a80
Event: 5529.002 Thread 0x00000189ac0d2c90 Thread added: 0x00000189f4f020b0
Event: 5529.972 Thread 0x00000189f4f020b0 Thread exited: 0x00000189f4f020b0
Event: 5530.545 Thread 0x00000189ac0d5040 Thread added: 0x00000189f4f020b0
Event: 5531.554 Thread 0x00000189f4f020b0 Thread exited: 0x00000189f4f020b0
Event: 5531.559 Thread 0x00000189f2e82040 Thread added: 0x00000189f6c44dc0
Event: 5531.560 Thread 0x00000189f2e82040 Thread added: 0x00000189f6c48a80
Event: 5531.560 Thread 0x00000189f2e82040 Thread added: 0x00000189f6c48f90
Event: 5531.560 Thread 0x00000189f2e82040 Thread added: 0x00000189f6c494a0
Event: 5531.561 Thread 0x00000189f2e82040 Thread added: 0x00000189f6c499b0
Event: 5532.236 Thread 0x00000189f6c494a0 Thread exited: 0x00000189f6c494a0
Event: 5532.236 Thread 0x00000189f6c48a80 Thread exited: 0x00000189f6c48a80
Event: 5532.236 Thread 0x00000189f6c44dc0 Thread exited: 0x00000189f6c44dc0
Event: 5532.236 Thread 0x00000189f6c499b0 Thread exited: 0x00000189f6c499b0
Event: 5532.237 Thread 0x00000189f6c48f90 Thread exited: 0x00000189f6c48f90
Event: 5534.249 Thread 0x00000189ac0d5040 Thread added: 0x00000189f4f000d0


Dynamic libraries:
0x00007ff6a15f0000 - 0x00007ff6a15fe000 	C:\Users\manish.kumar_bitsing\AnypointCodeBuilder\java\jdk-17.0.13+11\bin\java.exe
0x00007ffb8d420000 - 0x00007ffb8d688000 	C:\WINDOWS\SYSTEM32\ntdll.dll
0x00007ffb8be80000 - 0x00007ffb8bf49000 	C:\WINDOWS\System32\KERNEL32.DLL
0x00007ffb8a570000 - 0x00007ffb8a968000 	C:\WINDOWS\System32\KERNELBASE.dll
0x00007ffb8aa50000 - 0x00007ffb8ab9b000 	C:\WINDOWS\System32\ucrtbase.dll
0x00007ffb5c700000 - 0x00007ffb5c717000 	C:\Users\manish.kumar_bitsing\AnypointCodeBuilder\java\jdk-17.0.13+11\bin\jli.dll
0x00007ffb8c9a0000 - 0x00007ffb8cb67000 	C:\WINDOWS\System32\USER32.dll
0x00007ffb8a970000 - 0x00007ffb8a997000 	C:\WINDOWS\System32\win32u.dll
0x00007ffb8c190000 - 0x00007ffb8c1bb000 	C:\WINDOWS\System32\GDI32.dll
0x00007ffb8ad20000 - 0x00007ffb8ae4c000 	C:\WINDOWS\System32\gdi32full.dll
0x00007ffb8a9a0000 - 0x00007ffb8aa43000 	C:\WINDOWS\System32\msvcp_win.dll
0x00007ffb5bc10000 - 0x00007ffb5bc2e000 	C:\Users\manish.kumar_bitsing\AnypointCodeBuilder\java\jdk-17.0.13+11\bin\VCRUNTIME140.dll
0x00007ffb76340000 - 0x00007ffb765d4000 	C:\WINDOWS\WinSxS\amd64_microsoft.windows.common-controls_6595b64144ccf1df_6.0.26100.7019_none_3e06ffa0e335b8a8\COMCTL32.dll
0x00007ffb8b740000 - 0x00007ffb8b7e9000 	C:\WINDOWS\System32\msvcrt.dll
0x00007ffb8bd90000 - 0x00007ffb8bdc1000 	C:\WINDOWS\System32\IMM32.DLL
0x00007ffb66c30000 - 0x00007ffb66d8c000 	C:\Program Files (x86)\Citrix\ICA Client\ctxapclient64.dll
0x00007ffb8b970000 - 0x00007ffb8bcfb000 	C:\WINDOWS\System32\combase.dll
0x00007ffb8b850000 - 0x00007ffb8b968000 	C:\WINDOWS\System32\RPCRT4.dll
0x00007ffb80e10000 - 0x00007ffb80e1b000 	C:\WINDOWS\SYSTEM32\VERSION.dll
0x00007ffb8a460000 - 0x00007ffb8a48a000 	C:\WINDOWS\SYSTEM32\bcrypt.dll
0x00007ffb8bdd0000 - 0x00007ffb8be76000 	C:\WINDOWS\System32\sechost.dll
0x00007ffb8b1e0000 - 0x00007ffb8b294000 	C:\WINDOWS\System32\ADVAPI32.dll
0x00007ffb89410000 - 0x00007ffb89446000 	C:\WINDOWS\SYSTEM32\ntmarta.dll
0x00007ffb8ae50000 - 0x00007ffb8aef5000 	C:\WINDOWS\System32\bcryptprimitives.dll
0x00007ffb741a0000 - 0x00007ffb741ac000 	C:\Users\manish.kumar_bitsing\AnypointCodeBuilder\java\jdk-17.0.13+11\bin\vcruntime140_1.dll
0x00007ffb58750000 - 0x00007ffb587dd000 	C:\Users\manish.kumar_bitsing\AnypointCodeBuilder\java\jdk-17.0.13+11\bin\msvcp140.dll
0x00007ffae2b80000 - 0x00007ffae37eb000 	C:\Users\manish.kumar_bitsing\AnypointCodeBuilder\java\jdk-17.0.13+11\bin\server\jvm.dll
0x00007ffb8bd10000 - 0x00007ffb8bd84000 	C:\WINDOWS\System32\WS2_32.dll
0x00007ffb8a3f0000 - 0x00007ffb8a44e000 	C:\WINDOWS\SYSTEM32\POWRPROF.dll
0x00007ffb760a0000 - 0x00007ffb760d5000 	C:\WINDOWS\SYSTEM32\WINMM.dll
0x00007ffb8a3d0000 - 0x00007ffb8a3e4000 	C:\WINDOWS\SYSTEM32\UMPDC.dll
0x00007ffb892f0000 - 0x00007ffb8930b000 	C:\WINDOWS\SYSTEM32\kernel.appcore.dll
0x00007ffb73d20000 - 0x00007ffb73d2a000 	C:\Users\manish.kumar_bitsing\AnypointCodeBuilder\java\jdk-17.0.13+11\bin\jimage.dll
0x00007ffb87d50000 - 0x00007ffb87f92000 	C:\WINDOWS\SYSTEM32\DBGHELP.DLL
0x00007ffb8c2d0000 - 0x00007ffb8c3a7000 	C:\WINDOWS\System32\OLEAUT32.dll
0x00007ffb6dee0000 - 0x00007ffb6df1c000 	C:\WINDOWS\SYSTEM32\dbgcore.DLL
0x00007ffb5ad40000 - 0x00007ffb5ad65000 	C:\Users\manish.kumar_bitsing\AnypointCodeBuilder\java\jdk-17.0.13+11\bin\java.dll
0x00007ffb42250000 - 0x00007ffb42327000 	C:\Users\manish.kumar_bitsing\AnypointCodeBuilder\java\jdk-17.0.13+11\bin\jsvml.dll
0x00000189f2000000 - 0x00000189f274f000 	C:\WINDOWS\System32\SHELL32.dll
0x00007ffb8b050000 - 0x00007ffb8b1bb000 	C:\WINDOWS\System32\wintypes.dll
0x00007ffb88170000 - 0x00007ffb889cd000 	C:\WINDOWS\SYSTEM32\windows.storage.dll
0x00007ffb8c1d0000 - 0x00007ffb8c2c2000 	C:\WINDOWS\System32\SHCORE.dll
0x00007ffb8c0f0000 - 0x00007ffb8c157000 	C:\WINDOWS\System32\shlwapi.dll
0x00007ffb8a490000 - 0x00007ffb8a4b9000 	C:\WINDOWS\SYSTEM32\profapi.dll
0x00007ffb58a70000 - 0x00007ffb58a89000 	C:\Users\manish.kumar_bitsing\AnypointCodeBuilder\java\jdk-17.0.13+11\bin\net.dll
0x00007ffb7fe20000 - 0x00007ffb7ff48000 	C:\WINDOWS\SYSTEM32\WINHTTP.dll
0x00007ffb89840000 - 0x00007ffb898ab000 	C:\WINDOWS\system32\mswsock.dll
0x00007ffb58a50000 - 0x00007ffb58a66000 	C:\Users\manish.kumar_bitsing\AnypointCodeBuilder\java\jdk-17.0.13+11\bin\nio.dll
0x00007ffb58820000 - 0x00007ffb58838000 	C:\Users\manish.kumar_bitsing\AnypointCodeBuilder\java\jdk-17.0.13+11\bin\zip.dll
0x00007ffb73960000 - 0x00007ffb73970000 	C:\Users\manish.kumar_bitsing\AnypointCodeBuilder\java\jdk-17.0.13+11\bin\verify.dll
0x00007ffb72bc0000 - 0x00007ffb72bc9000 	C:\Users\manish.kumar_bitsing\AnypointCodeBuilder\java\jdk-17.0.13+11\bin\extnet.dll
0x00007ffb730a0000 - 0x00007ffb730b8000 	C:\WINDOWS\system32\napinsp.dll
0x00007ffb88d70000 - 0x00007ffb88e9c000 	C:\WINDOWS\SYSTEM32\DNSAPI.dll
0x00007ffb88ce0000 - 0x00007ffb88d14000 	C:\WINDOWS\SYSTEM32\IPHLPAPI.DLL
0x00007ffb8c800000 - 0x00007ffb8c80a000 	C:\WINDOWS\System32\NSI.dll
0x00007ffb68f60000 - 0x00007ffb68f72000 	C:\WINDOWS\System32\winrnr.dll
0x00007ffb67680000 - 0x00007ffb676a2000 	C:\WINDOWS\system32\nlansp_c.dll
0x00007ffb67660000 - 0x00007ffb67676000 	C:\WINDOWS\system32\wshbth.dll
0x00007ffb789a0000 - 0x00007ffb789ab000 	C:\Windows\System32\rasadhlp.dll
0x00007ffb7d9a0000 - 0x00007ffb7da26000 	C:\WINDOWS\System32\fwpuclnt.dll
0x00007ffb89c30000 - 0x00007ffb89c4b000 	C:\WINDOWS\SYSTEM32\CRYPTSP.dll
0x00007ffb89250000 - 0x00007ffb8928a000 	C:\WINDOWS\system32\rsaenh.dll
0x00007ffb898f0000 - 0x00007ffb8991b000 	C:\WINDOWS\SYSTEM32\USERENV.dll
0x00007ffb89a90000 - 0x00007ffb89a9c000 	C:\WINDOWS\SYSTEM32\CRYPTBASE.dll
0x00007ffb80240000 - 0x00007ffb8025e000 	C:\WINDOWS\SYSTEM32\dhcpcsvc6.DLL
0x00007ffb7f8d0000 - 0x00007ffb7f8f3000 	C:\WINDOWS\SYSTEM32\dhcpcsvc.DLL
0x00007ffb709b0000 - 0x00007ffb709be000 	C:\Users\manish.kumar_bitsing\AnypointCodeBuilder\java\jdk-17.0.13+11\bin\sunmscapi.dll
0x00000189f6ea0000 - 0x00000189f7017000 	C:\WINDOWS\System32\CRYPT32.dll
0x00007ffb89d80000 - 0x00007ffb89db0000 	C:\WINDOWS\SYSTEM32\ncrypt.dll
0x00007ffb89d30000 - 0x00007ffb89d6f000 	C:\WINDOWS\SYSTEM32\NTASN1.dll
0x00007ffb56e60000 - 0x00007ffb56e68000 	C:\WINDOWS\system32\wshunix.dll

dbghelp: loaded successfully - version: 4.0.5 - missing functions: none
symbol engine: initialized successfully - sym options: 0x614 - pdb path: .;C:\Users\manish.kumar_bitsing\AnypointCodeBuilder\java\jdk-17.0.13+11\bin;C:\WINDOWS\SYSTEM32;C:\WINDOWS\WinSxS\amd64_microsoft.windows.common-controls_6595b64144ccf1df_6.0.26100.7019_none_3e06ffa0e335b8a8;C:\Program Files (x86)\Citrix\ICA Client;C:\Users\manish.kumar_bitsing\AnypointCodeBuilder\java\jdk-17.0.13+11\bin\server

VM Arguments:
jvm_args: --add-opens=java.base/java.lang=ALL-UNNAMED --add-opens=java.base/java.lang.ref=ALL-UNNAMED --add-opens=java.base/java.lang.reflect=ALL-UNNAMED --add-opens=java.base/java.lang.invoke=ALL-UNNAMED --add-opens=java.xml/javax.xml.namespace=ALL-UNNAMED 
java_command: C:\Users\manish.kumar_bitsing\AnypointCodeBuilder\.flow-design-module\mule-dx-flow-design-service-impl.jar -port 50834 --mavenSettingsFile C:\Users\manish.kumar_bitsing\AnypointCodeBuilder\.tmp\acb_settings-10720-tmp.xml --mavenRepoLocation C:\Users\manish.kumar_bitsing\.m2\repository --workingDirectory C:\Users\manish.kumar_bitsing\AnypointCodeBuilder\.mulefwk-workspace
java_class_path (initial): C:\Users\manish.kumar_bitsing\AnypointCodeBuilder\.flow-design-module\mule-dx-flow-design-service-impl.jar
Launcher Type: SUN_STANDARD

[Global flags]
     intx CICompilerCount                          = 4                                         {product} {ergonomic}
     uint ConcGCThreads                            = 2                                         {product} {ergonomic}
     uint G1ConcRefinementThreads                  = 8                                         {product} {ergonomic}
   size_t G1HeapRegionSize                         = 2097152                                   {product} {ergonomic}
    uintx GCDrainStackTargetSize                   = 64                                        {product} {ergonomic}
   size_t InitialHeapSize                          = 268435456                                 {product} {ergonomic}
   size_t MarkStackSize                            = 4194304                                   {product} {ergonomic}
   size_t MaxHeapSize                              = 4263510016                                {product} {ergonomic}
   size_t MaxNewSize                               = 2556428288                                {product} {ergonomic}
   size_t MinHeapDeltaBytes                        = 2097152                                   {product} {ergonomic}
   size_t MinHeapSize                              = 8388608                                   {product} {ergonomic}
    uintx NonNMethodCodeHeapSize                   = 5839372                                {pd product} {ergonomic}
    uintx NonProfiledCodeHeapSize                  = 122909434                              {pd product} {ergonomic}
    uintx ProfiledCodeHeapSize                     = 122909434                              {pd product} {ergonomic}
    uintx ReservedCodeCacheSize                    = 251658240                              {pd product} {ergonomic}
     bool SegmentedCodeCache                       = true                                      {product} {ergonomic}
   size_t SoftMaxHeapSize                          = 4263510016                             {manageable} {ergonomic}
     bool UseCompressedClassPointers               = true                           {product lp64_product} {ergonomic}
     bool UseCompressedOops                        = true                           {product lp64_product} {ergonomic}
     bool UseG1GC                                  = true                                      {product} {ergonomic}
     bool UseLargePagesIndividualAllocation        = false                                  {pd product} {ergonomic}

Logging:
Log output configuration:
 #0: stdout all=warning uptime,level,tags
 #1: stderr all=off uptime,level,tags

Environment Variables:
JAVA_HOME=C:\Program Files\Java\jdk-17
PATH=C:\Program Files\Python311\Scripts\;C:\Program Files\Python311\;C:\Program Files\Common Files\Oracle\Java\javapath;C:\WINDOWS\system32;C:\WINDOWS;C:\WINDOWS\System32\Wbem;C:\WINDOWS\System32\WindowsPowerShell\v1.0\;C:\WINDOWS\System32\OpenSSH\;C:\Program Files\Java\jdk-17\bin;C:\Program Files\Maven\apache-maven-3.8.6\bin;C:\Program Files\Docker\Docker\resources\bin;C:\Program Files\nodejs\;C:\Users\manish.kumar_bitsing\AppData\Local\Microsoft\WindowsApps;C:\Users\manish.kumar_bitsing\AppData\Local\Programs\Microsoft VS Code\bin;C:\Users\manish.kumar_bitsing\AppData\Local\Programs\Git\cmd;C:\Program Files\liquibase;C:\Users\manish.kumar_bitsing\AppData\Roaming\npm;
USERNAME=manish.kumar_bitsing
OS=Windows_NT
PROCESSOR_IDENTIFIER=Intel64 Family 6 Model 142 Stepping 10, GenuineIntel
TMP=C:\Users\MANISH~1.KUM\AppData\Local\Temp
TEMP=C:\Users\MANISH~1.KUM\AppData\Local\Temp



Periodic native trim disabled


---------------  S Y S T E M  ---------------

OS:
 Windows 11 , 64 bit Build 26100 (10.0.26100.7019)
OS uptime: 15 days 2:07 hours
Hyper-V role detected

CPU: total 8 (initial active 8) (4 cores per cpu, 2 threads per core) family 6 model 142 stepping 10 microcode 0xf4, cx8, cmov, fxsr, ht, mmx, 3dnowpref, sse, sse2, sse3, ssse3, sse4.1, sse4.2, popcnt, lzcnt, tsc, tscinvbit, avx, avx2, aes, erms, clmul, bmi1, bmi2, rtm, adx, fma, vzeroupper, clflush, clflushopt, hv
Processor Information for all 8 processors :
  Max Mhz: 1896, Current Mhz: 1696, Mhz Limit: 1687

Memory: 4k page, system-wide physical 16262M (1152M free)
TotalPageFile size 24316M (AvailPageFile size 342M)
current process WorkingSet (physical memory assigned to process): 623M, peak: 636M
current process commit charge ("private bytes"): 728M, peak: 1436M

vm_info: OpenJDK 64-Bit Server VM (17.0.13+11) for windows-amd64 JRE (17.0.13+11), built on Oct 16 2024 00:10:08 by "admin" with MS VC++ 17.7 (VS2022)

END.
